{"logTime": "0803/161146", "correlationVector":"FPReLpPCkor1zfhUBT7EJT.5","action":"GetUpdates Response", "result":"Success", "context":Received 12 update(s). cV=FPReLpPCkor1zfhUBT7EJT.0;server=akswtt100000004;cloudType=Consumer;environment=Prod_northcentralus_prod-s01-050-nam-northcentralus;migrationStage=NotStarted}
{"logTime": "0803/161146", "correlationVector":"Obe6rJb/UnIoIskHPMCwJf","action":"Commit Request", "result":"", "context":Item count: 7
Contributing types: Preferences, Passwords, Sessions, History}
{"logTime": "0803/161147", "correlationVector":"Obe6rJb/UnIoIskHPMCwJf.1","action":"SyncServerConnectionManagerRequest", "result":"SYNC_SERVER_OK", "context":{"environment":"Prod_northcentralus_prod-s01-050-nam-northcentralus", "migrationStage":"NotStarted", "server":"akswtt10000000b"}}
{"logTime": "0803/161147", "correlationVector":"Obe6rJb/UnIoIskHPMCwJf.2","action":"Commit Response", "result":"Success", "context":Result: Success. cV=Obe6rJb/UnIoIskHPMCwJf.0;server=akswtt10000000b;cloudType=Consumer;environment=Prod_northcentralus_prod-s01-050-nam-northcentralus;migrationStage=NotStarted}
{"logTime": "0803/161250", "correlationVector":"2WYqYMM4tFu7GaYwfm92cV","action":"Commit Request", "result":"", "context":Item count: 1
Contributing types: History}
{"logTime": "0803/161250", "correlationVector":"2WYqYMM4tFu7GaYwfm92cV.1","action":"SyncServerConnectionManagerRequest", "result":"SYNC_SERVER_OK", "context":{"environment":"Prod_northcentralus_prod-s01-050-nam-northcentralus", "migrationStage":"NotStarted", "server":"akswtt10000001h"}}
{"logTime": "0803/161250", "correlationVector":"2WYqYMM4tFu7GaYwfm92cV.2","action":"Commit Response", "result":"Success", "context":Result: Success. cV=2WYqYMM4tFu7GaYwfm92cV.0;server=akswtt10000001h;cloudType=Consumer;environment=Prod_northcentralus_prod-s01-050-nam-northcentralus;migrationStage=NotStarted}
{"logTime": "0803/162049", "correlationVector":"wUnSfo7RRCMr5I+bOf6WlV.1","action":"SyncServerConnectionManagerRequest", "result":"SYNC_SERVER_OK", "context":{"environment":"Prod_northcentralus_prod-s01-050-nam-northcentralus", "migrationStage":"NotStarted", "server":"akswtt100000008"}}
{"logTime": "0803/162049", "correlationVector":"wUnSfo7RRCMr5I+bOf6WlV.2","action":"ProcessGetUpdates", "result":"Done", "context":{"dataType":"Encryption Keys", "deleted":"0", "process_failed_to_decrypt":"0", "process_pending_decryption":"0", "process_success":"1", "total":"1"}}
{"logTime": "0803/162049", "correlationVector":"oqEKH8Dew/jO0lw0vFjU/F","action":"SyncServerConnectionManagerRequest", "result":"SYNC_SERVER_OK", "context":{"environment":"", "migrationStage":"", "server":""}}
{"logTime": "0803/162049", "correlationVector":"oqEKH8Dew/jO0lw0vFjU/F.0","action":"EncryptionKeysFetcher.DownloadKeys:", "result":"Success", "context":Key count: 10, Last key timestamp: 2025-03-29T00:15:19Z}
{"logTime": "0803/162049", "correlationVector":"oqEKH8Dew/jO0lw0vFjU/F.1","action":"EncryptionKeysManager::SetEncryptionKeys:", "result":"Success", "context":Key names[10]:[wV4T/G0rTadKQEGJfbotBbWwQPZOKeWGaE8auefcH9LZVj91rebk6F8AWigo3QDLF4zAkZwnUsf8R4gId7bsRQ==][pA+RyLWdf96UnEINurjtVqkOnAA9ELgK9+yJMOwmZwJuySKzVAo2pSKeRj/jD0DeOn3fXQZEmF5YOmZWRYZ8wg==][PTowiSIQJBHSLxBlLmoxDrT5/jv2ez3kLkwmOKXv4cBZmJR4R+bWoDlJ4W9lbleJO1SENIbYrXC3G6ycFx9oZg==][KM7p6PrzetT5rgHSbcZqvYiQSZmG5bqKRcIvsZuIBfzMJbPjw2VkIUiKu5cM0n7VP7EUtA9owvLOwsL9jvbiEA==][iX+5x7Gfwv2nyZUUjJmeRCoefZvy/W0Csn74Jgd1VMCwGGiORHZPK8Ls3wWSosvcVvvn/Gvf81tHBkZ++W99IA==][c5bdIcpJlWvrUllLo2VXThncvnZiIliu50Uwm1gk0al0kc7uPlRp1hMf7oobv8HSG+t3k8if6NDdAAEN3CLEPw==][FvJFb70hJeEMPHx92/By2fG5ki+JBBwgD3oonuu7e9kGit3ofp8Wo6H5TZizPnQMZyRcklR1YR1USRwWI+f+gQ==][hI74DvQo4nSGPUp6pcXhl/Nywa2W73AiveyFGqc3lvPMIBcD1lIJW4W8d4CPEH1QA/tQEwW60YkmLS47JyydSA==][mRlyHPiEh1oOjRE+wRhuh1MLEsu2amr9ffG7KMFTgsLZ5/munmUdZqrCHRlwv8M2oMbogpXs+iawYE70MOm8wg==][4nlNuR7Wvl2imUHIIk4x/aSUVI5YiRjMPyLeO2NK+tWwJK+ghwCDeTWoQPmq7IQrjAETE2fLQavOyL1iZ2gs5Q==]}
{"logTime": "0803/162049", "correlationVector":"oqEKH8Dew/jO0lw0vFjU/F.2","action":"EncryptionKeysManager::SetEncryptionKeysWithTimestamps:", "result":"Success", "context":Key timestamps[10]:[2020-10-23T07:05:28Z][2020-11-21T12:51:14Z][2020-12-11T08:05:09Z][2021-06-20T20:29:40Z][2022-01-10T04:07:10Z][2023-03-24T19:04:52Z][2023-09-25T18:34:09Z][2024-03-25T00:01:57Z][2024-09-29T03:16:51Z][2025-03-29T00:15:19Z]}
{"logTime": "0803/162049", "correlationVector":"wUnSfo7RRCMr5I+bOf6WlV","action":"Initial GetUpdates", "result":"", "context":Reason: NEW_CLIENT. cV=wUnSfo7RRCMr5I+bOf6WlV}
{"logTime": "0803/162049", "correlationVector":"wUnSfo7RRCMr5I+bOf6WlV.3","action":"GetUpdates Response", "result":"Success", "context":Received 1 update(s). cV=wUnSfo7RRCMr5I+bOf6WlV.0;server=akswtt100000008;cloudType=Consumer;environment=Prod_northcentralus_prod-s01-050-nam-northcentralus;migrationStage=NotStarted}
{"logTime": "0803/162049", "correlationVector":"xHbiMHzbrexRkaAGCfPgns","action":"Initial GetUpdates", "result":"", "context":Reason: NEWLY_SUPPORTED_DATATYPE. cV=xHbiMHzbrexRkaAGCfPgns}
{"logTime": "0803/162049", "correlationVector":"xHbiMHzbrexRkaAGCfPgns.1","action":"SyncServerConnectionManagerRequest", "result":"SYNC_SERVER_OK", "context":{"environment":"Prod_northcentralus_prod-s01-050-nam-northcentralus", "migrationStage":"NotStarted", "server":"akswtt100000000"}}
{"logTime": "0803/162049", "correlationVector":"xHbiMHzbrexRkaAGCfPgns.2","action":"ProcessGetUpdates", "result":"Done", "context":{"dataType":"Passwords", "deleted":"4", "process_failed_to_decrypt":"0", "process_pending_decryption":"0", "process_success":"86", "total":"86"}}
{"logTime": "0803/162049", "correlationVector":"xHbiMHzbrexRkaAGCfPgns.3","action":"GetUpdates Response", "result":"Success", "context":Received 86 update(s). cV=xHbiMHzbrexRkaAGCfPgns.0;server=akswtt100000000;cloudType=Consumer;environment=Prod_northcentralus_prod-s01-050-nam-northcentralus;migrationStage=NotStarted}
{"logTime": "0803/162049", "correlationVector":"hb1VqYfzWURJBUciWxW7B2","action":"Normal GetUpdate request", "result":"", "context":cV=hb1VqYfzWURJBUciWxW7B2
Nudged types: Sessions, History
Refresh requested types: Bookmarks, Preferences, Passwords, Autofill Profiles, Autofill, Extensions, Sessions, Extension settings, History Delete Directives, Device Info, User Consents, Send Tab To Self, Web Apps, History, Saved Tab Group, WebAuthn Credentials, Collection, Edge E Drop, Edge Hub App Usage, Edge Wallet, Encryption Keys}
{"logTime": "0803/162050", "correlationVector":"hb1VqYfzWURJBUciWxW7B2.1","action":"SyncServerConnectionManagerRequest", "result":"SYNC_SERVER_OK", "context":{"environment":"Prod_northcentralus_prod-s01-050-nam-northcentralus", "migrationStage":"NotStarted", "server":"akswtt10000000m"}}
{"logTime": "0803/162050", "correlationVector":"hb1VqYfzWURJBUciWxW7B2.2","action":"ProcessGetUpdates", "result":"Done", "context":{"dataType":"Preferences", "deleted":"0", "process_failed_to_decrypt":"0", "process_pending_decryption":"0", "process_success":"2", "total":"2"}}
{"logTime": "0803/162050", "correlationVector":"hb1VqYfzWURJBUciWxW7B2.3","action":"ProcessGetUpdates", "result":"Done", "context":{"dataType":"Sessions", "deleted":"1", "process_failed_to_decrypt":"0", "process_pending_decryption":"0", "process_success":"3", "total":"3"}}
{"logTime": "0803/162050", "correlationVector":"hb1VqYfzWURJBUciWxW7B2.4","action":"ProcessGetUpdates", "result":"Done", "context":{"dataType":"History", "deleted":"0", "process_failed_to_decrypt":"0", "process_pending_decryption":"0", "process_success":"4", "total":"4"}}
{"logTime": "0803/162050", "correlationVector":"hb1VqYfzWURJBUciWxW7B2.5","action":"GetUpdates Response", "result":"Success", "context":Received 9 update(s). cV=hb1VqYfzWURJBUciWxW7B2.0;server=akswtt10000000m;cloudType=Consumer;environment=Prod_northcentralus_prod-s01-050-nam-northcentralus;migrationStage=NotStarted}
{"logTime": "0803/162050", "correlationVector":"/J9otBRMyOAbFGU/prgrKD","action":"Commit Request", "result":"", "context":Item count: 7
Contributing types: Preferences, Passwords, Sessions, History}
{"logTime": "0803/162050", "correlationVector":"/J9otBRMyOAbFGU/prgrKD.1","action":"SyncServerConnectionManagerRequest", "result":"SYNC_SERVER_OK", "context":{"environment":"Prod_northcentralus_prod-s01-050-nam-northcentralus", "migrationStage":"NotStarted", "server":"akswtt10000000c"}}
{"logTime": "0803/162050", "correlationVector":"/J9otBRMyOAbFGU/prgrKD.2","action":"Commit Response", "result":"Success", "context":Result: Success. cV=/J9otBRMyOAbFGU/prgrKD.0;server=akswtt10000000c;cloudType=Consumer;environment=Prod_northcentralus_prod-s01-050-nam-northcentralus;migrationStage=NotStarted}
{"logTime": "0803/163355", "correlationVector":"v91QNDWypb5Ycsw+Zsjv0G.1","action":"SyncServerConnectionManagerRequest", "result":"SYNC_SERVER_OK", "context":{"environment":"Prod_northcentralus_prod-s01-050-nam-northcentralus", "migrationStage":"NotStarted", "server":"akswtt10000000b"}}
{"logTime": "0803/163355", "correlationVector":"v91QNDWypb5Ycsw+Zsjv0G.2","action":"ProcessGetUpdates", "result":"Done", "context":{"dataType":"Encryption Keys", "deleted":"0", "process_failed_to_decrypt":"0", "process_pending_decryption":"0", "process_success":"1", "total":"1"}}
{"logTime": "0803/163356", "correlationVector":"KSrD6aouGfRj6Cz3x+C6wS","action":"SyncServerConnectionManagerRequest", "result":"SYNC_SERVER_OK", "context":{"environment":"", "migrationStage":"", "server":""}}
{"logTime": "0803/163356", "correlationVector":"KSrD6aouGfRj6Cz3x+C6wS.0","action":"EncryptionKeysFetcher.DownloadKeys:", "result":"Success", "context":Key count: 10, Last key timestamp: 2025-03-29T00:15:19Z}
{"logTime": "0803/163356", "correlationVector":"KSrD6aouGfRj6Cz3x+C6wS.1","action":"EncryptionKeysManager::SetEncryptionKeys:", "result":"Success", "context":Key names[10]:[wV4T/G0rTadKQEGJfbotBbWwQPZOKeWGaE8auefcH9LZVj91rebk6F8AWigo3QDLF4zAkZwnUsf8R4gId7bsRQ==][pA+RyLWdf96UnEINurjtVqkOnAA9ELgK9+yJMOwmZwJuySKzVAo2pSKeRj/jD0DeOn3fXQZEmF5YOmZWRYZ8wg==][PTowiSIQJBHSLxBlLmoxDrT5/jv2ez3kLkwmOKXv4cBZmJR4R+bWoDlJ4W9lbleJO1SENIbYrXC3G6ycFx9oZg==][KM7p6PrzetT5rgHSbcZqvYiQSZmG5bqKRcIvsZuIBfzMJbPjw2VkIUiKu5cM0n7VP7EUtA9owvLOwsL9jvbiEA==][iX+5x7Gfwv2nyZUUjJmeRCoefZvy/W0Csn74Jgd1VMCwGGiORHZPK8Ls3wWSosvcVvvn/Gvf81tHBkZ++W99IA==][c5bdIcpJlWvrUllLo2VXThncvnZiIliu50Uwm1gk0al0kc7uPlRp1hMf7oobv8HSG+t3k8if6NDdAAEN3CLEPw==][FvJFb70hJeEMPHx92/By2fG5ki+JBBwgD3oonuu7e9kGit3ofp8Wo6H5TZizPnQMZyRcklR1YR1USRwWI+f+gQ==][hI74DvQo4nSGPUp6pcXhl/Nywa2W73AiveyFGqc3lvPMIBcD1lIJW4W8d4CPEH1QA/tQEwW60YkmLS47JyydSA==][mRlyHPiEh1oOjRE+wRhuh1MLEsu2amr9ffG7KMFTgsLZ5/munmUdZqrCHRlwv8M2oMbogpXs+iawYE70MOm8wg==][4nlNuR7Wvl2imUHIIk4x/aSUVI5YiRjMPyLeO2NK+tWwJK+ghwCDeTWoQPmq7IQrjAETE2fLQavOyL1iZ2gs5Q==]}
{"logTime": "0803/163356", "correlationVector":"KSrD6aouGfRj6Cz3x+C6wS.2","action":"EncryptionKeysManager::SetEncryptionKeysWithTimestamps:", "result":"Success", "context":Key timestamps[10]:[2020-10-23T07:05:28Z][2020-11-21T12:51:14Z][2020-12-11T08:05:09Z][2021-06-20T20:29:40Z][2022-01-10T04:07:10Z][2023-03-24T19:04:52Z][2023-09-25T18:34:09Z][2024-03-25T00:01:57Z][2024-09-29T03:16:51Z][2025-03-29T00:15:19Z]}
{"logTime": "0803/163356", "correlationVector":"v91QNDWypb5Ycsw+Zsjv0G","action":"Initial GetUpdates", "result":"", "context":Reason: NEW_CLIENT. cV=v91QNDWypb5Ycsw+Zsjv0G}
{"logTime": "0803/163356", "correlationVector":"v91QNDWypb5Ycsw+Zsjv0G.3","action":"GetUpdates Response", "result":"Success", "context":Received 1 update(s). cV=v91QNDWypb5Ycsw+Zsjv0G.0;server=akswtt10000000b;cloudType=Consumer;environment=Prod_northcentralus_prod-s01-050-nam-northcentralus;migrationStage=NotStarted}
{"logTime": "0803/163356", "correlationVector":"Zejf0S7DufNkK8pA3op5j7","action":"Initial GetUpdates", "result":"", "context":Reason: NEWLY_SUPPORTED_DATATYPE. cV=Zejf0S7DufNkK8pA3op5j7}
{"logTime": "0803/163356", "correlationVector":"Zejf0S7DufNkK8pA3op5j7.1","action":"SyncServerConnectionManagerRequest", "result":"SYNC_SERVER_OK", "context":{"environment":"Prod_northcentralus_prod-s01-050-nam-northcentralus", "migrationStage":"NotStarted", "server":"akswtt10000000n"}}
{"logTime": "0803/163356", "correlationVector":"Zejf0S7DufNkK8pA3op5j7.2","action":"ProcessGetUpdates", "result":"Done", "context":{"dataType":"Passwords", "deleted":"4", "process_failed_to_decrypt":"0", "process_pending_decryption":"0", "process_success":"86", "total":"86"}}
{"logTime": "0803/163356", "correlationVector":"Zejf0S7DufNkK8pA3op5j7.3","action":"GetUpdates Response", "result":"Success", "context":Received 86 update(s). cV=Zejf0S7DufNkK8pA3op5j7.0;server=akswtt10000000n;cloudType=Consumer;environment=Prod_northcentralus_prod-s01-050-nam-northcentralus;migrationStage=NotStarted}
{"logTime": "0803/163356", "correlationVector":"gxmNMLyJ4Pd2jA1z5kpp3+","action":"Normal GetUpdate request", "result":"", "context":cV=gxmNMLyJ4Pd2jA1z5kpp3+
Nudged types: Sessions, History
Refresh requested types: Bookmarks, Preferences, Passwords, Autofill Profiles, Autofill, Extensions, Sessions, Extension settings, History Delete Directives, Device Info, User Consents, Send Tab To Self, Web Apps, History, Saved Tab Group, WebAuthn Credentials, Collection, Edge E Drop, Edge Hub App Usage, Edge Wallet, Encryption Keys}
{"logTime": "0803/163356", "correlationVector":"gxmNMLyJ4Pd2jA1z5kpp3+.1","action":"SyncServerConnectionManagerRequest", "result":"SYNC_SERVER_OK", "context":{"environment":"Prod_northcentralus_prod-s01-050-nam-northcentralus", "migrationStage":"NotStarted", "server":"akswtt10000001h"}}
{"logTime": "0803/163356", "correlationVector":"gxmNMLyJ4Pd2jA1z5kpp3+.2","action":"ProcessGetUpdates", "result":"Done", "context":{"dataType":"Preferences", "deleted":"0", "process_failed_to_decrypt":"0", "process_pending_decryption":"0", "process_success":"1", "total":"1"}}
{"logTime": "0803/163356", "correlationVector":"gxmNMLyJ4Pd2jA1z5kpp3+.3","action":"ProcessGetUpdates", "result":"Done", "context":{"dataType":"Autofill Profiles", "deleted":"0", "process_failed_to_decrypt":"0", "process_pending_decryption":"0", "process_success":"1", "total":"1"}}
{"logTime": "0803/163356", "correlationVector":"gxmNMLyJ4Pd2jA1z5kpp3+.4","action":"ProcessGetUpdates", "result":"Done", "context":{"dataType":"Sessions", "deleted":"1", "process_failed_to_decrypt":"0", "process_pending_decryption":"0", "process_success":"3", "total":"3"}}
{"logTime": "0803/163356", "correlationVector":"gxmNMLyJ4Pd2jA1z5kpp3+.5","action":"ProcessGetUpdates", "result":"Done", "context":{"dataType":"History", "deleted":"0", "process_failed_to_decrypt":"0", "process_pending_decryption":"0", "process_success":"4", "total":"4"}}
{"logTime": "0803/163356", "correlationVector":"gxmNMLyJ4Pd2jA1z5kpp3+.6","action":"GetUpdates Response", "result":"Success", "context":Received 9 update(s). cV=gxmNMLyJ4Pd2jA1z5kpp3+.0;server=akswtt10000001h;cloudType=Consumer;environment=Prod_northcentralus_prod-s01-050-nam-northcentralus;migrationStage=NotStarted}
{"logTime": "0803/163356", "correlationVector":"hJyYqDTFYGQ5lpPGkWhcTP","action":"Commit Request", "result":"", "context":Item count: 2
Contributing types: History}
{"logTime": "0803/163356", "correlationVector":"hJyYqDTFYGQ5lpPGkWhcTP.1","action":"SyncServerConnectionManagerRequest", "result":"SYNC_SERVER_OK", "context":{"environment":"Prod_northcentralus_prod-s01-050-nam-northcentralus", "migrationStage":"NotStarted", "server":"akswtt10000000q"}}
{"logTime": "0803/163356", "correlationVector":"hJyYqDTFYGQ5lpPGkWhcTP.2","action":"Commit Response", "result":"Success", "context":Result: Success. cV=hJyYqDTFYGQ5lpPGkWhcTP.0;server=akswtt10000000q;cloudType=Consumer;environment=Prod_northcentralus_prod-s01-050-nam-northcentralus;migrationStage=NotStarted}
{"logTime": "0803/163356", "correlationVector":"cDcR0qhm8T4xQsq31A0BbQ","action":"Commit Request", "result":"", "context":Item count: 3
Contributing types: Preferences, Passwords}
{"logTime": "0803/163357", "correlationVector":"cDcR0qhm8T4xQsq31A0BbQ.1","action":"SyncServerConnectionManagerRequest", "result":"SYNC_SERVER_OK", "context":{"environment":"Prod_northcentralus_prod-s01-050-nam-northcentralus", "migrationStage":"NotStarted", "server":"akswtt10000000n"}}
{"logTime": "0803/163357", "correlationVector":"cDcR0qhm8T4xQsq31A0BbQ.2","action":"Commit Response", "result":"Success", "context":Result: Success. cV=cDcR0qhm8T4xQsq31A0BbQ.0;server=akswtt10000000n;cloudType=Consumer;environment=Prod_northcentralus_prod-s01-050-nam-northcentralus;migrationStage=NotStarted}
{"logTime": "0803/163502", "correlationVector":"WKU8MDJa49NJX9VLnw5ROM","action":"Commit Request", "result":"", "context":Item count: 1
Contributing types: History}
{"logTime": "0803/163502", "correlationVector":"WKU8MDJa49NJX9VLnw5ROM.1","action":"SyncServerConnectionManagerRequest", "result":"SYNC_SERVER_OK", "context":{"environment":"Prod_northcentralus_prod-s01-050-nam-northcentralus", "migrationStage":"NotStarted", "server":"akswtt100000007"}}
{"logTime": "0803/163502", "correlationVector":"WKU8MDJa49NJX9VLnw5ROM.2","action":"Commit Response", "result":"Success", "context":Result: Success. cV=WKU8MDJa49NJX9VLnw5ROM.0;server=akswtt100000007;cloudType=Consumer;environment=Prod_northcentralus_prod-s01-050-nam-northcentralus;migrationStage=NotStarted}
{"logTime": "0803/164541", "correlationVector":"zWlUWbxsalyFWXLUPeB/RU.1","action":"SyncServerConnectionManagerRequest", "result":"SYNC_SERVER_OK", "context":{"environment":"Prod_northcentralus_prod-s01-050-nam-northcentralus", "migrationStage":"NotStarted", "server":"akswtt100000004"}}
{"logTime": "0803/164541", "correlationVector":"zWlUWbxsalyFWXLUPeB/RU.2","action":"ProcessGetUpdates", "result":"Done", "context":{"dataType":"Encryption Keys", "deleted":"0", "process_failed_to_decrypt":"0", "process_pending_decryption":"0", "process_success":"1", "total":"1"}}
{"logTime": "0803/164542", "correlationVector":"Ld3t4IzuIrChQp6gti3hFm","action":"SyncServerConnectionManagerRequest", "result":"SYNC_SERVER_OK", "context":{"environment":"", "migrationStage":"", "server":""}}
{"logTime": "0803/164542", "correlationVector":"Ld3t4IzuIrChQp6gti3hFm.0","action":"EncryptionKeysFetcher.DownloadKeys:", "result":"Success", "context":Key count: 10, Last key timestamp: 2025-03-29T00:15:19Z}
{"logTime": "0803/164542", "correlationVector":"Ld3t4IzuIrChQp6gti3hFm.1","action":"EncryptionKeysManager::SetEncryptionKeys:", "result":"Success", "context":Key names[10]:[wV4T/G0rTadKQEGJfbotBbWwQPZOKeWGaE8auefcH9LZVj91rebk6F8AWigo3QDLF4zAkZwnUsf8R4gId7bsRQ==][pA+RyLWdf96UnEINurjtVqkOnAA9ELgK9+yJMOwmZwJuySKzVAo2pSKeRj/jD0DeOn3fXQZEmF5YOmZWRYZ8wg==][PTowiSIQJBHSLxBlLmoxDrT5/jv2ez3kLkwmOKXv4cBZmJR4R+bWoDlJ4W9lbleJO1SENIbYrXC3G6ycFx9oZg==][KM7p6PrzetT5rgHSbcZqvYiQSZmG5bqKRcIvsZuIBfzMJbPjw2VkIUiKu5cM0n7VP7EUtA9owvLOwsL9jvbiEA==][iX+5x7Gfwv2nyZUUjJmeRCoefZvy/W0Csn74Jgd1VMCwGGiORHZPK8Ls3wWSosvcVvvn/Gvf81tHBkZ++W99IA==][c5bdIcpJlWvrUllLo2VXThncvnZiIliu50Uwm1gk0al0kc7uPlRp1hMf7oobv8HSG+t3k8if6NDdAAEN3CLEPw==][FvJFb70hJeEMPHx92/By2fG5ki+JBBwgD3oonuu7e9kGit3ofp8Wo6H5TZizPnQMZyRcklR1YR1USRwWI+f+gQ==][hI74DvQo4nSGPUp6pcXhl/Nywa2W73AiveyFGqc3lvPMIBcD1lIJW4W8d4CPEH1QA/tQEwW60YkmLS47JyydSA==][mRlyHPiEh1oOjRE+wRhuh1MLEsu2amr9ffG7KMFTgsLZ5/munmUdZqrCHRlwv8M2oMbogpXs+iawYE70MOm8wg==][4nlNuR7Wvl2imUHIIk4x/aSUVI5YiRjMPyLeO2NK+tWwJK+ghwCDeTWoQPmq7IQrjAETE2fLQavOyL1iZ2gs5Q==]}
{"logTime": "0803/164542", "correlationVector":"Ld3t4IzuIrChQp6gti3hFm.2","action":"EncryptionKeysManager::SetEncryptionKeysWithTimestamps:", "result":"Success", "context":Key timestamps[10]:[2020-10-23T07:05:28Z][2020-11-21T12:51:14Z][2020-12-11T08:05:09Z][2021-06-20T20:29:40Z][2022-01-10T04:07:10Z][2023-03-24T19:04:52Z][2023-09-25T18:34:09Z][2024-03-25T00:01:57Z][2024-09-29T03:16:51Z][2025-03-29T00:15:19Z]}
{"logTime": "0803/164542", "correlationVector":"zWlUWbxsalyFWXLUPeB/RU","action":"Initial GetUpdates", "result":"", "context":Reason: NEW_CLIENT. cV=zWlUWbxsalyFWXLUPeB/RU}
{"logTime": "0803/164542", "correlationVector":"zWlUWbxsalyFWXLUPeB/RU.3","action":"GetUpdates Response", "result":"Success", "context":Received 1 update(s). cV=zWlUWbxsalyFWXLUPeB/RU.0;server=akswtt100000004;cloudType=Consumer;environment=Prod_northcentralus_prod-s01-050-nam-northcentralus;migrationStage=NotStarted}
{"logTime": "0803/164542", "correlationVector":"WX8+sdwa1xmQe3psUtkXBl","action":"Initial GetUpdates", "result":"", "context":Reason: NEWLY_SUPPORTED_DATATYPE. cV=WX8+sdwa1xmQe3psUtkXBl}
{"logTime": "0803/164542", "correlationVector":"WX8+sdwa1xmQe3psUtkXBl.1","action":"SyncServerConnectionManagerRequest", "result":"SYNC_SERVER_OK", "context":{"environment":"Prod_northcentralus_prod-s01-050-nam-northcentralus", "migrationStage":"NotStarted", "server":"akswtt10000000x"}}
{"logTime": "0803/164542", "correlationVector":"WX8+sdwa1xmQe3psUtkXBl.2","action":"ProcessGetUpdates", "result":"Done", "context":{"dataType":"Passwords", "deleted":"4", "process_failed_to_decrypt":"0", "process_pending_decryption":"0", "process_success":"86", "total":"86"}}
{"logTime": "0803/164542", "correlationVector":"WX8+sdwa1xmQe3psUtkXBl.3","action":"GetUpdates Response", "result":"Success", "context":Received 86 update(s). cV=WX8+sdwa1xmQe3psUtkXBl.0;server=akswtt10000000x;cloudType=Consumer;environment=Prod_northcentralus_prod-s01-050-nam-northcentralus;migrationStage=NotStarted}
{"logTime": "0803/164542", "correlationVector":"AW8lSM7UONeOZZcf6y1Jem","action":"Normal GetUpdate request", "result":"", "context":cV=AW8lSM7UONeOZZcf6y1Jem
Nudged types: Sessions, History
Refresh requested types: Bookmarks, Preferences, Passwords, Autofill Profiles, Autofill, Extensions, Sessions, Extension settings, History Delete Directives, Device Info, User Consents, Send Tab To Self, Web Apps, History, Saved Tab Group, WebAuthn Credentials, Collection, Edge E Drop, Edge Hub App Usage, Edge Wallet, Encryption Keys}
{"logTime": "0803/164542", "correlationVector":"AW8lSM7UONeOZZcf6y1Jem.1","action":"SyncServerConnectionManagerRequest", "result":"SYNC_SERVER_OK", "context":{"environment":"Prod_northcentralus_prod-s01-050-nam-northcentralus", "migrationStage":"NotStarted", "server":"akswtt100000001"}}
{"logTime": "0803/164542", "correlationVector":"AW8lSM7UONeOZZcf6y1Jem.2","action":"ProcessGetUpdates", "result":"Done", "context":{"dataType":"Preferences", "deleted":"0", "process_failed_to_decrypt":"0", "process_pending_decryption":"0", "process_success":"1", "total":"1"}}
{"logTime": "0803/164542", "correlationVector":"AW8lSM7UONeOZZcf6y1Jem.3","action":"ProcessGetUpdates", "result":"Done", "context":{"dataType":"Sessions", "deleted":"1", "process_failed_to_decrypt":"0", "process_pending_decryption":"0", "process_success":"3", "total":"3"}}
{"logTime": "0803/164542", "correlationVector":"AW8lSM7UONeOZZcf6y1Jem.4","action":"ProcessGetUpdates", "result":"Done", "context":{"dataType":"History", "deleted":"0", "process_failed_to_decrypt":"0", "process_pending_decryption":"0", "process_success":"6", "total":"6"}}
{"logTime": "0803/164542", "correlationVector":"AW8lSM7UONeOZZcf6y1Jem.5","action":"GetUpdates Response", "result":"Success", "context":Received 10 update(s). cV=AW8lSM7UONeOZZcf6y1Jem.0;server=akswtt100000001;cloudType=Consumer;environment=Prod_northcentralus_prod-s01-050-nam-northcentralus;migrationStage=NotStarted}
{"logTime": "0803/164542", "correlationVector":"XJhhRj2WT7fYx/6tN5Vfym","action":"Commit Request", "result":"", "context":Item count: 5
Contributing types: Preferences, Passwords, Sessions}
{"logTime": "0803/164543", "correlationVector":"XJhhRj2WT7fYx/6tN5Vfym.1","action":"SyncServerConnectionManagerRequest", "result":"SYNC_SERVER_OK", "context":{"environment":"Prod_northcentralus_prod-s01-050-nam-northcentralus", "migrationStage":"NotStarted", "server":"akswtt10000000f"}}
{"logTime": "0803/164543", "correlationVector":"XJhhRj2WT7fYx/6tN5Vfym.2","action":"Commit Response", "result":"Success", "context":Result: Success. cV=XJhhRj2WT7fYx/6tN5Vfym.0;server=akswtt10000000f;cloudType=Consumer;environment=Prod_northcentralus_prod-s01-050-nam-northcentralus;migrationStage=NotStarted}
{"logTime": "0803/164643", "correlationVector":"Ad6ZLZJY5lX92Ln9vYLmHf","action":"Commit Request", "result":"", "context":Item count: 3
Contributing types: Sessions, History}
{"logTime": "0803/164643", "correlationVector":"Ad6ZLZJY5lX92Ln9vYLmHf.1","action":"SyncServerConnectionManagerRequest", "result":"SYNC_SERVER_OK", "context":{"environment":"Prod_northcentralus_prod-s01-050-nam-northcentralus", "migrationStage":"NotStarted", "server":"akswtt10000000v"}}
{"logTime": "0803/164643", "correlationVector":"Ad6ZLZJY5lX92Ln9vYLmHf.2","action":"Commit Response", "result":"Success", "context":Result: Success. cV=Ad6ZLZJY5lX92Ln9vYLmHf.0;server=akswtt10000000v;cloudType=Consumer;environment=Prod_northcentralus_prod-s01-050-nam-northcentralus;migrationStage=NotStarted}
{"logTime": "0803/164856", "correlationVector":"js6IIafNihArnW+83SJDIr.1","action":"SyncServerConnectionManagerRequest", "result":"SYNC_SERVER_OK", "context":{"environment":"Prod_northcentralus_prod-s01-050-nam-northcentralus", "migrationStage":"NotStarted", "server":"akswtt10000000v"}}
{"logTime": "0803/164856", "correlationVector":"js6IIafNihArnW+83SJDIr.2","action":"ProcessGetUpdates", "result":"Done", "context":{"dataType":"Encryption Keys", "deleted":"0", "process_failed_to_decrypt":"0", "process_pending_decryption":"0", "process_success":"1", "total":"1"}}
{"logTime": "0803/164856", "correlationVector":"jM8RZREiV0+UvZTBEivQDu","action":"SyncServerConnectionManagerRequest", "result":"SYNC_SERVER_OK", "context":{"environment":"", "migrationStage":"", "server":""}}
{"logTime": "0803/164856", "correlationVector":"jM8RZREiV0+UvZTBEivQDu.0","action":"EncryptionKeysFetcher.DownloadKeys:", "result":"Success", "context":Key count: 10, Last key timestamp: 2025-03-29T00:15:19Z}
{"logTime": "0803/164856", "correlationVector":"jM8RZREiV0+UvZTBEivQDu.1","action":"EncryptionKeysManager::SetEncryptionKeys:", "result":"Success", "context":Key names[10]:[wV4T/G0rTadKQEGJfbotBbWwQPZOKeWGaE8auefcH9LZVj91rebk6F8AWigo3QDLF4zAkZwnUsf8R4gId7bsRQ==][pA+RyLWdf96UnEINurjtVqkOnAA9ELgK9+yJMOwmZwJuySKzVAo2pSKeRj/jD0DeOn3fXQZEmF5YOmZWRYZ8wg==][PTowiSIQJBHSLxBlLmoxDrT5/jv2ez3kLkwmOKXv4cBZmJR4R+bWoDlJ4W9lbleJO1SENIbYrXC3G6ycFx9oZg==][KM7p6PrzetT5rgHSbcZqvYiQSZmG5bqKRcIvsZuIBfzMJbPjw2VkIUiKu5cM0n7VP7EUtA9owvLOwsL9jvbiEA==][iX+5x7Gfwv2nyZUUjJmeRCoefZvy/W0Csn74Jgd1VMCwGGiORHZPK8Ls3wWSosvcVvvn/Gvf81tHBkZ++W99IA==][c5bdIcpJlWvrUllLo2VXThncvnZiIliu50Uwm1gk0al0kc7uPlRp1hMf7oobv8HSG+t3k8if6NDdAAEN3CLEPw==][FvJFb70hJeEMPHx92/By2fG5ki+JBBwgD3oonuu7e9kGit3ofp8Wo6H5TZizPnQMZyRcklR1YR1USRwWI+f+gQ==][hI74DvQo4nSGPUp6pcXhl/Nywa2W73AiveyFGqc3lvPMIBcD1lIJW4W8d4CPEH1QA/tQEwW60YkmLS47JyydSA==][mRlyHPiEh1oOjRE+wRhuh1MLEsu2amr9ffG7KMFTgsLZ5/munmUdZqrCHRlwv8M2oMbogpXs+iawYE70MOm8wg==][4nlNuR7Wvl2imUHIIk4x/aSUVI5YiRjMPyLeO2NK+tWwJK+ghwCDeTWoQPmq7IQrjAETE2fLQavOyL1iZ2gs5Q==]}
{"logTime": "0803/164856", "correlationVector":"jM8RZREiV0+UvZTBEivQDu.2","action":"EncryptionKeysManager::SetEncryptionKeysWithTimestamps:", "result":"Success", "context":Key timestamps[10]:[2020-10-23T07:05:28Z][2020-11-21T12:51:14Z][2020-12-11T08:05:09Z][2021-06-20T20:29:40Z][2022-01-10T04:07:10Z][2023-03-24T19:04:52Z][2023-09-25T18:34:09Z][2024-03-25T00:01:57Z][2024-09-29T03:16:51Z][2025-03-29T00:15:19Z]}
{"logTime": "0803/164856", "correlationVector":"js6IIafNihArnW+83SJDIr","action":"Initial GetUpdates", "result":"", "context":Reason: NEW_CLIENT. cV=js6IIafNihArnW+83SJDIr}
{"logTime": "0803/164856", "correlationVector":"js6IIafNihArnW+83SJDIr.3","action":"GetUpdates Response", "result":"Success", "context":Received 1 update(s). cV=js6IIafNihArnW+83SJDIr.0;server=akswtt10000000v;cloudType=Consumer;environment=Prod_northcentralus_prod-s01-050-nam-northcentralus;migrationStage=NotStarted}
{"logTime": "0803/164856", "correlationVector":"84KmfMkiqbjFHUay5l3pt0","action":"Initial GetUpdates", "result":"", "context":Reason: NEWLY_SUPPORTED_DATATYPE. cV=84KmfMkiqbjFHUay5l3pt0}
{"logTime": "0803/164857", "correlationVector":"84KmfMkiqbjFHUay5l3pt0.1","action":"SyncServerConnectionManagerRequest", "result":"SYNC_SERVER_OK", "context":{"environment":"Prod_northcentralus_prod-s01-050-nam-northcentralus", "migrationStage":"NotStarted", "server":"akswtt100000000"}}
{"logTime": "0803/164857", "correlationVector":"84KmfMkiqbjFHUay5l3pt0.2","action":"ProcessGetUpdates", "result":"Done", "context":{"dataType":"Passwords", "deleted":"4", "process_failed_to_decrypt":"0", "process_pending_decryption":"0", "process_success":"86", "total":"86"}}
{"logTime": "0803/164857", "correlationVector":"84KmfMkiqbjFHUay5l3pt0.3","action":"GetUpdates Response", "result":"Success", "context":Received 86 update(s). cV=84KmfMkiqbjFHUay5l3pt0.0;server=akswtt100000000;cloudType=Consumer;environment=Prod_northcentralus_prod-s01-050-nam-northcentralus;migrationStage=NotStarted}
{"logTime": "0803/164857", "correlationVector":"P++XvfUPIhFWZsE2L8TfJb","action":"Normal GetUpdate request", "result":"", "context":cV=P++XvfUPIhFWZsE2L8TfJb
Nudged types: Sessions, History
Refresh requested types: Bookmarks, Preferences, Passwords, Autofill Profiles, Autofill, Extensions, Sessions, Extension settings, History Delete Directives, Device Info, User Consents, Send Tab To Self, Web Apps, History, Saved Tab Group, WebAuthn Credentials, Collection, Edge E Drop, Edge Hub App Usage, Edge Wallet, Encryption Keys}
{"logTime": "0803/164857", "correlationVector":"P++XvfUPIhFWZsE2L8TfJb.1","action":"SyncServerConnectionManagerRequest", "result":"SYNC_SERVER_OK", "context":{"environment":"Prod_northcentralus_prod-s01-050-nam-northcentralus", "migrationStage":"NotStarted", "server":"akswtt10000000c"}}
{"logTime": "0803/164857", "correlationVector":"P++XvfUPIhFWZsE2L8TfJb.2","action":"ProcessGetUpdates", "result":"Done", "context":{"dataType":"Preferences", "deleted":"0", "process_failed_to_decrypt":"0", "process_pending_decryption":"0", "process_success":"1", "total":"1"}}
{"logTime": "0803/164857", "correlationVector":"P++XvfUPIhFWZsE2L8TfJb.3","action":"ProcessGetUpdates", "result":"Done", "context":{"dataType":"Sessions", "deleted":"0", "process_failed_to_decrypt":"0", "process_pending_decryption":"0", "process_success":"2", "total":"2"}}
{"logTime": "0803/164857", "correlationVector":"P++XvfUPIhFWZsE2L8TfJb.4","action":"ProcessGetUpdates", "result":"Done", "context":{"dataType":"History", "deleted":"0", "process_failed_to_decrypt":"0", "process_pending_decryption":"0", "process_success":"2", "total":"2"}}
{"logTime": "0803/164857", "correlationVector":"P++XvfUPIhFWZsE2L8TfJb.5","action":"GetUpdates Response", "result":"Success", "context":Received 5 update(s). cV=P++XvfUPIhFWZsE2L8TfJb.0;server=akswtt10000000c;cloudType=Consumer;environment=Prod_northcentralus_prod-s01-050-nam-northcentralus;migrationStage=NotStarted}
{"logTime": "0803/164857", "correlationVector":"AtsvTaIYfiQWAUbd6gUTC/","action":"Commit Request", "result":"", "context":Item count: 4
Contributing types: Sessions, History}
{"logTime": "0803/164857", "correlationVector":"AtsvTaIYfiQWAUbd6gUTC/.1","action":"SyncServerConnectionManagerRequest", "result":"SYNC_SERVER_OK", "context":{"environment":"Prod_northcentralus_prod-s01-050-nam-northcentralus", "migrationStage":"NotStarted", "server":"akswtt10000000x"}}
{"logTime": "0803/164857", "correlationVector":"AtsvTaIYfiQWAUbd6gUTC/.2","action":"Commit Response", "result":"Success", "context":Result: Success. cV=AtsvTaIYfiQWAUbd6gUTC/.0;server=akswtt10000000x;cloudType=Consumer;environment=Prod_northcentralus_prod-s01-050-nam-northcentralus;migrationStage=NotStarted}
{"logTime": "0803/164857", "correlationVector":"AtsvTaIYfiQWAUbd6gUTC/.3","action":"Commit.Sessions", "result":"Success", "context":{"id":"2646a3c8-6c7d-41e2-9fd7-91df9a9b8818", "isDeleted":"true", "size":"0", "version":"1754239603111"}}
{"logTime": "0803/164857", "correlationVector":"8qy+kcFSM19tXbArbXcWXv","action":"Commit Request", "result":"", "context":Item count: 5
Contributing types: Preferences, Passwords, Sessions, History}
{"logTime": "0803/164858", "correlationVector":"8qy+kcFSM19tXbArbXcWXv.1","action":"SyncServerConnectionManagerRequest", "result":"SYNC_SERVER_OK", "context":{"environment":"Prod_northcentralus_prod-s01-050-nam-northcentralus", "migrationStage":"NotStarted", "server":"akswtt10000000q"}}
{"logTime": "0803/164858", "correlationVector":"8qy+kcFSM19tXbArbXcWXv.2","action":"Commit Response", "result":"Success", "context":Result: Success. cV=8qy+kcFSM19tXbArbXcWXv.0;server=akswtt10000000q;cloudType=Consumer;environment=Prod_northcentralus_prod-s01-050-nam-northcentralus;migrationStage=NotStarted}
{"logTime": "0803/164958", "correlationVector":"bna3+TNBNMWFHKmLvBBo/F","action":"Commit Request", "result":"", "context":Item count: 3
Contributing types: Sessions, History}
{"logTime": "0803/164958", "correlationVector":"bna3+TNBNMWFHKmLvBBo/F.1","action":"SyncServerConnectionManagerRequest", "result":"SYNC_SERVER_OK", "context":{"environment":"Prod_northcentralus_prod-s01-050-nam-northcentralus", "migrationStage":"NotStarted", "server":"akswtt10000001g"}}
{"logTime": "0803/164958", "correlationVector":"bna3+TNBNMWFHKmLvBBo/F.2","action":"Commit Response", "result":"Success", "context":Result: Success. cV=bna3+TNBNMWFHKmLvBBo/F.0;server=akswtt10000001g;cloudType=Consumer;environment=Prod_northcentralus_prod-s01-050-nam-northcentralus;migrationStage=NotStarted}
{"logTime": "0803/165424", "correlationVector":"JpAeDhJP4NSzMZyI3t8rKE.1","action":"SyncServerConnectionManagerRequest", "result":"SYNC_SERVER_OK", "context":{"environment":"Prod_northcentralus_prod-s01-050-nam-northcentralus", "migrationStage":"NotStarted", "server":"akswtt10000001h"}}
{"logTime": "0803/165424", "correlationVector":"JpAeDhJP4NSzMZyI3t8rKE.2","action":"ProcessGetUpdates", "result":"Done", "context":{"dataType":"Encryption Keys", "deleted":"0", "process_failed_to_decrypt":"0", "process_pending_decryption":"0", "process_success":"1", "total":"1"}}
{"logTime": "0803/165424", "correlationVector":"YU+XgUzKH+rporwM3LdW3P","action":"SyncServerConnectionManagerRequest", "result":"SYNC_SERVER_OK", "context":{"environment":"", "migrationStage":"", "server":""}}
{"logTime": "0803/165424", "correlationVector":"YU+XgUzKH+rporwM3LdW3P.0","action":"EncryptionKeysFetcher.DownloadKeys:", "result":"Success", "context":Key count: 10, Last key timestamp: 2025-03-29T00:15:19Z}
{"logTime": "0803/165424", "correlationVector":"YU+XgUzKH+rporwM3LdW3P.1","action":"EncryptionKeysManager::SetEncryptionKeys:", "result":"Success", "context":Key names[10]:[wV4T/G0rTadKQEGJfbotBbWwQPZOKeWGaE8auefcH9LZVj91rebk6F8AWigo3QDLF4zAkZwnUsf8R4gId7bsRQ==][pA+RyLWdf96UnEINurjtVqkOnAA9ELgK9+yJMOwmZwJuySKzVAo2pSKeRj/jD0DeOn3fXQZEmF5YOmZWRYZ8wg==][PTowiSIQJBHSLxBlLmoxDrT5/jv2ez3kLkwmOKXv4cBZmJR4R+bWoDlJ4W9lbleJO1SENIbYrXC3G6ycFx9oZg==][KM7p6PrzetT5rgHSbcZqvYiQSZmG5bqKRcIvsZuIBfzMJbPjw2VkIUiKu5cM0n7VP7EUtA9owvLOwsL9jvbiEA==][iX+5x7Gfwv2nyZUUjJmeRCoefZvy/W0Csn74Jgd1VMCwGGiORHZPK8Ls3wWSosvcVvvn/Gvf81tHBkZ++W99IA==][c5bdIcpJlWvrUllLo2VXThncvnZiIliu50Uwm1gk0al0kc7uPlRp1hMf7oobv8HSG+t3k8if6NDdAAEN3CLEPw==][FvJFb70hJeEMPHx92/By2fG5ki+JBBwgD3oonuu7e9kGit3ofp8Wo6H5TZizPnQMZyRcklR1YR1USRwWI+f+gQ==][hI74DvQo4nSGPUp6pcXhl/Nywa2W73AiveyFGqc3lvPMIBcD1lIJW4W8d4CPEH1QA/tQEwW60YkmLS47JyydSA==][mRlyHPiEh1oOjRE+wRhuh1MLEsu2amr9ffG7KMFTgsLZ5/munmUdZqrCHRlwv8M2oMbogpXs+iawYE70MOm8wg==][4nlNuR7Wvl2imUHIIk4x/aSUVI5YiRjMPyLeO2NK+tWwJK+ghwCDeTWoQPmq7IQrjAETE2fLQavOyL1iZ2gs5Q==]}
{"logTime": "0803/165424", "correlationVector":"YU+XgUzKH+rporwM3LdW3P.2","action":"EncryptionKeysManager::SetEncryptionKeysWithTimestamps:", "result":"Success", "context":Key timestamps[10]:[2020-10-23T07:05:28Z][2020-11-21T12:51:14Z][2020-12-11T08:05:09Z][2021-06-20T20:29:40Z][2022-01-10T04:07:10Z][2023-03-24T19:04:52Z][2023-09-25T18:34:09Z][2024-03-25T00:01:57Z][2024-09-29T03:16:51Z][2025-03-29T00:15:19Z]}
{"logTime": "0803/165424", "correlationVector":"JpAeDhJP4NSzMZyI3t8rKE","action":"Initial GetUpdates", "result":"", "context":Reason: NEW_CLIENT. cV=JpAeDhJP4NSzMZyI3t8rKE}
{"logTime": "0803/165424", "correlationVector":"JpAeDhJP4NSzMZyI3t8rKE.3","action":"GetUpdates Response", "result":"Success", "context":Received 1 update(s). cV=JpAeDhJP4NSzMZyI3t8rKE.0;server=akswtt10000001h;cloudType=Consumer;environment=Prod_northcentralus_prod-s01-050-nam-northcentralus;migrationStage=NotStarted}
{"logTime": "0803/165424", "correlationVector":"7TTRzUrO2WjNPww49ZgbhP","action":"Initial GetUpdates", "result":"", "context":Reason: NEWLY_SUPPORTED_DATATYPE. cV=7TTRzUrO2WjNPww49ZgbhP}
{"logTime": "0803/165424", "correlationVector":"7TTRzUrO2WjNPww49ZgbhP.1","action":"SyncServerConnectionManagerRequest", "result":"SYNC_SERVER_OK", "context":{"environment":"Prod_northcentralus_prod-s01-050-nam-northcentralus", "migrationStage":"NotStarted", "server":"akswtt10000000o"}}
{"logTime": "0803/165424", "correlationVector":"7TTRzUrO2WjNPww49ZgbhP.2","action":"ProcessGetUpdates", "result":"Done", "context":{"dataType":"Passwords", "deleted":"4", "process_failed_to_decrypt":"0", "process_pending_decryption":"0", "process_success":"86", "total":"86"}}
{"logTime": "0803/165424", "correlationVector":"7TTRzUrO2WjNPww49ZgbhP.3","action":"GetUpdates Response", "result":"Success", "context":Received 86 update(s). cV=7TTRzUrO2WjNPww49ZgbhP.0;server=akswtt10000000o;cloudType=Consumer;environment=Prod_northcentralus_prod-s01-050-nam-northcentralus;migrationStage=NotStarted}
{"logTime": "0803/165424", "correlationVector":"SJlIU/MhWkant3acGjvBnG","action":"Normal GetUpdate request", "result":"", "context":cV=SJlIU/MhWkant3acGjvBnG
Nudged types: Sessions, History
Refresh requested types: Bookmarks, Preferences, Passwords, Autofill Profiles, Autofill, Extensions, Sessions, Extension settings, History Delete Directives, Device Info, User Consents, Send Tab To Self, Web Apps, History, Saved Tab Group, WebAuthn Credentials, Collection, Edge E Drop, Edge Hub App Usage, Edge Wallet, Encryption Keys}
{"logTime": "0803/165424", "correlationVector":"SJlIU/MhWkant3acGjvBnG.1","action":"SyncServerConnectionManagerRequest", "result":"SYNC_SERVER_OK", "context":{"environment":"Prod_northcentralus_prod-s01-050-nam-northcentralus", "migrationStage":"NotStarted", "server":"akswtt100000002"}}
{"logTime": "0803/165424", "correlationVector":"SJlIU/MhWkant3acGjvBnG.2","action":"ProcessGetUpdates", "result":"Done", "context":{"dataType":"Preferences", "deleted":"0", "process_failed_to_decrypt":"0", "process_pending_decryption":"0", "process_success":"1", "total":"1"}}
{"logTime": "0803/165424", "correlationVector":"SJlIU/MhWkant3acGjvBnG.3","action":"ProcessGetUpdates", "result":"Done", "context":{"dataType":"Sessions", "deleted":"2", "process_failed_to_decrypt":"0", "process_pending_decryption":"0", "process_success":"4", "total":"4"}}
{"logTime": "0803/165424", "correlationVector":"SJlIU/MhWkant3acGjvBnG.4","action":"ProcessGetUpdates", "result":"Done", "context":{"dataType":"History", "deleted":"0", "process_failed_to_decrypt":"0", "process_pending_decryption":"0", "process_success":"5", "total":"5"}}
{"logTime": "0803/165424", "correlationVector":"SJlIU/MhWkant3acGjvBnG.5","action":"GetUpdates Response", "result":"Success", "context":Received 10 update(s). cV=SJlIU/MhWkant3acGjvBnG.0;server=akswtt100000002;cloudType=Consumer;environment=Prod_northcentralus_prod-s01-050-nam-northcentralus;migrationStage=NotStarted}
{"logTime": "0803/165425", "correlationVector":"JNaQbSEDxuZbIsMwmfOf/k","action":"Commit Request", "result":"", "context":Item count: 7
Contributing types: Preferences, Passwords, Sessions, History}
{"logTime": "0803/165425", "correlationVector":"JNaQbSEDxuZbIsMwmfOf/k.1","action":"SyncServerConnectionManagerRequest", "result":"SYNC_SERVER_OK", "context":{"environment":"Prod_northcentralus_prod-s01-050-nam-northcentralus", "migrationStage":"NotStarted", "server":"akswtt10000001f"}}
{"logTime": "0803/165425", "correlationVector":"JNaQbSEDxuZbIsMwmfOf/k.2","action":"Commit Response", "result":"Success", "context":Result: Success. cV=JNaQbSEDxuZbIsMwmfOf/k.0;server=akswtt10000001f;cloudType=Consumer;environment=Prod_northcentralus_prod-s01-050-nam-northcentralus;migrationStage=NotStarted}
{"logTime": "0803/185323", "correlationVector":"tz5q964sMvTIr4Od5Ok2eG.1","action":"SyncServerConnectionManagerRequest", "result":"SYNC_SERVER_OK", "context":{"environment":"Prod_northcentralus_prod-s01-050-nam-northcentralus", "migrationStage":"NotStarted", "server":"akswtt10000001h"}}
{"logTime": "0803/185323", "correlationVector":"tz5q964sMvTIr4Od5Ok2eG.2","action":"ProcessGetUpdates", "result":"Done", "context":{"dataType":"Encryption Keys", "deleted":"0", "process_failed_to_decrypt":"0", "process_pending_decryption":"0", "process_success":"1", "total":"1"}}
{"logTime": "0803/185324", "correlationVector":"fDUFVo8EX/3OB1uIyM/m2z","action":"SyncServerConnectionManagerRequest", "result":"SYNC_SERVER_OK", "context":{"environment":"", "migrationStage":"", "server":""}}
{"logTime": "0803/185324", "correlationVector":"fDUFVo8EX/3OB1uIyM/m2z.0","action":"EncryptionKeysFetcher.DownloadKeys:", "result":"Success", "context":Key count: 10, Last key timestamp: 2025-03-29T00:15:19Z}
{"logTime": "0803/185324", "correlationVector":"fDUFVo8EX/3OB1uIyM/m2z.1","action":"EncryptionKeysManager::SetEncryptionKeys:", "result":"Success", "context":Key names[10]:[wV4T/G0rTadKQEGJfbotBbWwQPZOKeWGaE8auefcH9LZVj91rebk6F8AWigo3QDLF4zAkZwnUsf8R4gId7bsRQ==][pA+RyLWdf96UnEINurjtVqkOnAA9ELgK9+yJMOwmZwJuySKzVAo2pSKeRj/jD0DeOn3fXQZEmF5YOmZWRYZ8wg==][PTowiSIQJBHSLxBlLmoxDrT5/jv2ez3kLkwmOKXv4cBZmJR4R+bWoDlJ4W9lbleJO1SENIbYrXC3G6ycFx9oZg==][KM7p6PrzetT5rgHSbcZqvYiQSZmG5bqKRcIvsZuIBfzMJbPjw2VkIUiKu5cM0n7VP7EUtA9owvLOwsL9jvbiEA==][iX+5x7Gfwv2nyZUUjJmeRCoefZvy/W0Csn74Jgd1VMCwGGiORHZPK8Ls3wWSosvcVvvn/Gvf81tHBkZ++W99IA==][c5bdIcpJlWvrUllLo2VXThncvnZiIliu50Uwm1gk0al0kc7uPlRp1hMf7oobv8HSG+t3k8if6NDdAAEN3CLEPw==][FvJFb70hJeEMPHx92/By2fG5ki+JBBwgD3oonuu7e9kGit3ofp8Wo6H5TZizPnQMZyRcklR1YR1USRwWI+f+gQ==][hI74DvQo4nSGPUp6pcXhl/Nywa2W73AiveyFGqc3lvPMIBcD1lIJW4W8d4CPEH1QA/tQEwW60YkmLS47JyydSA==][mRlyHPiEh1oOjRE+wRhuh1MLEsu2amr9ffG7KMFTgsLZ5/munmUdZqrCHRlwv8M2oMbogpXs+iawYE70MOm8wg==][4nlNuR7Wvl2imUHIIk4x/aSUVI5YiRjMPyLeO2NK+tWwJK+ghwCDeTWoQPmq7IQrjAETE2fLQavOyL1iZ2gs5Q==]}
{"logTime": "0803/185324", "correlationVector":"fDUFVo8EX/3OB1uIyM/m2z.2","action":"EncryptionKeysManager::SetEncryptionKeysWithTimestamps:", "result":"Success", "context":Key timestamps[10]:[2020-10-23T07:05:28Z][2020-11-21T12:51:14Z][2020-12-11T08:05:09Z][2021-06-20T20:29:40Z][2022-01-10T04:07:10Z][2023-03-24T19:04:52Z][2023-09-25T18:34:09Z][2024-03-25T00:01:57Z][2024-09-29T03:16:51Z][2025-03-29T00:15:19Z]}
{"logTime": "0803/185324", "correlationVector":"tz5q964sMvTIr4Od5Ok2eG","action":"Initial GetUpdates", "result":"", "context":Reason: NEW_CLIENT. cV=tz5q964sMvTIr4Od5Ok2eG}
{"logTime": "0803/185324", "correlationVector":"tz5q964sMvTIr4Od5Ok2eG.3","action":"GetUpdates Response", "result":"Success", "context":Received 1 update(s). cV=tz5q964sMvTIr4Od5Ok2eG.0;server=akswtt10000001h;cloudType=Consumer;environment=Prod_northcentralus_prod-s01-050-nam-northcentralus;migrationStage=NotStarted}
{"logTime": "0803/185324", "correlationVector":"Lx1jnyQBmJ7vfhIaFnvUCN","action":"Initial GetUpdates", "result":"", "context":Reason: NEWLY_SUPPORTED_DATATYPE. cV=Lx1jnyQBmJ7vfhIaFnvUCN}
{"logTime": "0803/185324", "correlationVector":"Lx1jnyQBmJ7vfhIaFnvUCN.1","action":"SyncServerConnectionManagerRequest", "result":"SYNC_SERVER_OK", "context":{"environment":"Prod_northcentralus_prod-s01-050-nam-northcentralus", "migrationStage":"NotStarted", "server":"akswtt10000000p"}}
{"logTime": "0803/185324", "correlationVector":"Lx1jnyQBmJ7vfhIaFnvUCN.2","action":"ProcessGetUpdates", "result":"Done", "context":{"dataType":"Passwords", "deleted":"4", "process_failed_to_decrypt":"0", "process_pending_decryption":"0", "process_success":"86", "total":"86"}}
{"logTime": "0803/185324", "correlationVector":"Lx1jnyQBmJ7vfhIaFnvUCN.3","action":"GetUpdates Response", "result":"Success", "context":Received 86 update(s). cV=Lx1jnyQBmJ7vfhIaFnvUCN.0;server=akswtt10000000p;cloudType=Consumer;environment=Prod_northcentralus_prod-s01-050-nam-northcentralus;migrationStage=NotStarted}
{"logTime": "0803/185324", "correlationVector":"GC1rK+BwTMpf+VwyE+dL6K","action":"Normal GetUpdate request", "result":"", "context":cV=GC1rK+BwTMpf+VwyE+dL6K
Nudged types: Sessions, History
Refresh requested types: Bookmarks, Preferences, Passwords, Autofill Profiles, Autofill, Extensions, Sessions, Extension settings, History Delete Directives, Device Info, User Consents, Send Tab To Self, Web Apps, History, Saved Tab Group, WebAuthn Credentials, Collection, Edge E Drop, Edge Hub App Usage, Edge Wallet, Encryption Keys}
{"logTime": "0803/185324", "correlationVector":"GC1rK+BwTMpf+VwyE+dL6K.1","action":"SyncServerConnectionManagerRequest", "result":"SYNC_SERVER_OK", "context":{"environment":"Prod_northcentralus_prod-s01-050-nam-northcentralus", "migrationStage":"NotStarted", "server":"akswtt10000000p"}}
{"logTime": "0803/185324", "correlationVector":"GC1rK+BwTMpf+VwyE+dL6K.2","action":"ProcessGetUpdates", "result":"Done", "context":{"dataType":"Preferences", "deleted":"0", "process_failed_to_decrypt":"0", "process_pending_decryption":"0", "process_success":"4", "total":"4"}}
{"logTime": "0803/185324", "correlationVector":"GC1rK+BwTMpf+VwyE+dL6K.3","action":"ProcessGetUpdates", "result":"Done", "context":{"dataType":"Sessions", "deleted":"1", "process_failed_to_decrypt":"0", "process_pending_decryption":"0", "process_success":"5", "total":"5"}}
{"logTime": "0803/185324", "correlationVector":"GC1rK+BwTMpf+VwyE+dL6K.4","action":"ProcessGetUpdates", "result":"Done", "context":{"dataType":"Device Info", "deleted":"0", "process_failed_to_decrypt":"0", "process_pending_decryption":"0", "process_success":"1", "total":"1"}}
{"logTime": "0803/185324", "correlationVector":"GC1rK+BwTMpf+VwyE+dL6K.5","action":"ProcessGetUpdates", "result":"Done", "context":{"dataType":"History", "deleted":"0", "process_failed_to_decrypt":"0", "process_pending_decryption":"0", "process_success":"14", "total":"14"}}
{"logTime": "0803/185324", "correlationVector":"GC1rK+BwTMpf+VwyE+dL6K.6","action":"GetUpdates Response", "result":"Success", "context":Received 24 update(s). cV=GC1rK+BwTMpf+VwyE+dL6K.0;server=akswtt10000000p;cloudType=Consumer;environment=Prod_northcentralus_prod-s01-050-nam-northcentralus;migrationStage=NotStarted}
{"logTime": "0803/185324", "correlationVector":"MA50ckM2bJvjONSC1jgGtz","action":"Commit Request", "result":"", "context":Item count: 4
Contributing types: Sessions, History}
{"logTime": "0803/185324", "correlationVector":"MA50ckM2bJvjONSC1jgGtz.1","action":"SyncServerConnectionManagerRequest", "result":"SYNC_SERVER_OK", "context":{"environment":"Prod_northcentralus_prod-s01-050-nam-northcentralus", "migrationStage":"NotStarted", "server":"akswtt10000000x"}}
{"logTime": "0803/185324", "correlationVector":"MA50ckM2bJvjONSC1jgGtz.2","action":"Commit Response", "result":"Success", "context":Result: Success. cV=MA50ckM2bJvjONSC1jgGtz.0;server=akswtt10000000x;cloudType=Consumer;environment=Prod_northcentralus_prod-s01-050-nam-northcentralus;migrationStage=NotStarted}
{"logTime": "0803/185324", "correlationVector":"MA50ckM2bJvjONSC1jgGtz.3","action":"Commit.Sessions", "result":"Success", "context":{"id":"fd428f36-e2f8-4551-8c29-40771a161155", "isDeleted":"true", "size":"0", "version":"1754240065047"}}
{"logTime": "0803/185324", "correlationVector":"fT/vw4DV6io+D1nYp6kkSs","action":"Commit Request", "result":"", "context":Item count: 6
Contributing types: Preferences, Passwords, Sessions, History}
{"logTime": "0803/185325", "correlationVector":"fT/vw4DV6io+D1nYp6kkSs.1","action":"SyncServerConnectionManagerRequest", "result":"SYNC_SERVER_OK", "context":{"environment":"Prod_northcentralus_prod-s01-050-nam-northcentralus", "migrationStage":"NotStarted", "server":"akswtt100000007"}}
{"logTime": "0803/185325", "correlationVector":"fT/vw4DV6io+D1nYp6kkSs.2","action":"Commit Response", "result":"Success", "context":Result: Success. cV=fT/vw4DV6io+D1nYp6kkSs.0;server=akswtt100000007;cloudType=Consumer;environment=Prod_northcentralus_prod-s01-050-nam-northcentralus;migrationStage=NotStarted}
{"logTime": "0803/185425", "correlationVector":"M7YKWj6iqx5qhAhAl9g8E5","action":"Commit Request", "result":"", "context":Item count: 1
Contributing types: History}
{"logTime": "0803/185425", "correlationVector":"M7YKWj6iqx5qhAhAl9g8E5.1","action":"SyncServerConnectionManagerRequest", "result":"SYNC_SERVER_OK", "context":{"environment":"Prod_northcentralus_prod-s01-050-nam-northcentralus", "migrationStage":"NotStarted", "server":"akswtt10000000b"}}
{"logTime": "0803/185425", "correlationVector":"M7YKWj6iqx5qhAhAl9g8E5.2","action":"Commit Response", "result":"Success", "context":Result: Success. cV=M7YKWj6iqx5qhAhAl9g8E5.0;server=akswtt10000000b;cloudType=Consumer;environment=Prod_northcentralus_prod-s01-050-nam-northcentralus;migrationStage=NotStarted}
{"logTime": "0804/235708", "correlationVector":"ws9G5RSkxbpBmVjb+TgWKp.1","action":"SyncServerConnectionManagerRequest", "result":"SYNC_SERVER_OK", "context":{"environment":"Prod_eastus_prod-s01-056-nam-eastus", "migrationStage":"NotStarted", "server":"akswtt10000000c"}}
{"logTime": "0804/235708", "correlationVector":"ws9G5RSkxbpBmVjb+TgWKp.2","action":"ProcessGetUpdates", "result":"Done", "context":{"dataType":"Encryption Keys", "deleted":"0", "process_failed_to_decrypt":"0", "process_pending_decryption":"0", "process_success":"1", "total":"1"}}
{"logTime": "0804/235708", "correlationVector":"zgDrXXz0EZXWAMoHyBEhGf","action":"SyncServerConnectionManagerRequest", "result":"SYNC_SERVER_OK", "context":{"environment":"", "migrationStage":"", "server":""}}
{"logTime": "0804/235708", "correlationVector":"zgDrXXz0EZXWAMoHyBEhGf.0","action":"EncryptionKeysFetcher.DownloadKeys:", "result":"Success", "context":Key count: 10, Last key timestamp: 2025-03-29T00:15:19Z}
{"logTime": "0804/235708", "correlationVector":"zgDrXXz0EZXWAMoHyBEhGf.1","action":"EncryptionKeysManager::SetEncryptionKeys:", "result":"Success", "context":Key names[10]:[wV4T/G0rTadKQEGJfbotBbWwQPZOKeWGaE8auefcH9LZVj91rebk6F8AWigo3QDLF4zAkZwnUsf8R4gId7bsRQ==][pA+RyLWdf96UnEINurjtVqkOnAA9ELgK9+yJMOwmZwJuySKzVAo2pSKeRj/jD0DeOn3fXQZEmF5YOmZWRYZ8wg==][PTowiSIQJBHSLxBlLmoxDrT5/jv2ez3kLkwmOKXv4cBZmJR4R+bWoDlJ4W9lbleJO1SENIbYrXC3G6ycFx9oZg==][KM7p6PrzetT5rgHSbcZqvYiQSZmG5bqKRcIvsZuIBfzMJbPjw2VkIUiKu5cM0n7VP7EUtA9owvLOwsL9jvbiEA==][iX+5x7Gfwv2nyZUUjJmeRCoefZvy/W0Csn74Jgd1VMCwGGiORHZPK8Ls3wWSosvcVvvn/Gvf81tHBkZ++W99IA==][c5bdIcpJlWvrUllLo2VXThncvnZiIliu50Uwm1gk0al0kc7uPlRp1hMf7oobv8HSG+t3k8if6NDdAAEN3CLEPw==][FvJFb70hJeEMPHx92/By2fG5ki+JBBwgD3oonuu7e9kGit3ofp8Wo6H5TZizPnQMZyRcklR1YR1USRwWI+f+gQ==][hI74DvQo4nSGPUp6pcXhl/Nywa2W73AiveyFGqc3lvPMIBcD1lIJW4W8d4CPEH1QA/tQEwW60YkmLS47JyydSA==][mRlyHPiEh1oOjRE+wRhuh1MLEsu2amr9ffG7KMFTgsLZ5/munmUdZqrCHRlwv8M2oMbogpXs+iawYE70MOm8wg==][4nlNuR7Wvl2imUHIIk4x/aSUVI5YiRjMPyLeO2NK+tWwJK+ghwCDeTWoQPmq7IQrjAETE2fLQavOyL1iZ2gs5Q==]}
{"logTime": "0804/235708", "correlationVector":"zgDrXXz0EZXWAMoHyBEhGf.2","action":"EncryptionKeysManager::SetEncryptionKeysWithTimestamps:", "result":"Success", "context":Key timestamps[10]:[2020-10-23T07:05:28Z][2020-11-21T12:51:14Z][2020-12-11T08:05:09Z][2021-06-20T20:29:40Z][2022-01-10T04:07:10Z][2023-03-24T19:04:52Z][2023-09-25T18:34:09Z][2024-03-25T00:01:57Z][2024-09-29T03:16:51Z][2025-03-29T00:15:19Z]}
{"logTime": "0804/235708", "correlationVector":"ws9G5RSkxbpBmVjb+TgWKp","action":"Initial GetUpdates", "result":"", "context":Reason: NEW_CLIENT. cV=ws9G5RSkxbpBmVjb+TgWKp}
{"logTime": "0804/235708", "correlationVector":"ws9G5RSkxbpBmVjb+TgWKp.3","action":"GetUpdates Response", "result":"Success", "context":Received 1 update(s). cV=ws9G5RSkxbpBmVjb+TgWKp.0;server=akswtt10000000c;cloudType=Consumer;environment=Prod_eastus_prod-s01-056-nam-eastus;migrationStage=NotStarted}
{"logTime": "0804/235708", "correlationVector":"22lntof7Zvw1NYA84d7eGi","action":"Initial GetUpdates", "result":"", "context":Reason: NEWLY_SUPPORTED_DATATYPE. cV=22lntof7Zvw1NYA84d7eGi}
{"logTime": "0804/235709", "correlationVector":"22lntof7Zvw1NYA84d7eGi.1","action":"SyncServerConnectionManagerRequest", "result":"SYNC_SERVER_OK", "context":{"environment":"Prod_eastus_prod-s01-056-nam-eastus", "migrationStage":"NotStarted", "server":"akswtt10000000b"}}
{"logTime": "0804/235709", "correlationVector":"22lntof7Zvw1NYA84d7eGi.2","action":"ProcessGetUpdates", "result":"Done", "context":{"dataType":"Passwords", "deleted":"4", "process_failed_to_decrypt":"0", "process_pending_decryption":"0", "process_success":"86", "total":"86"}}
{"logTime": "0804/235709", "correlationVector":"22lntof7Zvw1NYA84d7eGi.3","action":"GetUpdates Response", "result":"Success", "context":Received 86 update(s). cV=22lntof7Zvw1NYA84d7eGi.0;server=akswtt10000000b;cloudType=Consumer;environment=Prod_eastus_prod-s01-056-nam-eastus;migrationStage=NotStarted}
{"logTime": "0804/235709", "correlationVector":"OgVJ/cO9n0xx3Qo+Zk1izM","action":"Normal GetUpdate request", "result":"", "context":cV=OgVJ/cO9n0xx3Qo+Zk1izM
Nudged types: Sessions, Device Info, History
Refresh requested types: Bookmarks, Preferences, Passwords, Autofill Profiles, Autofill, Extensions, Sessions, Extension settings, History Delete Directives, Device Info, User Consents, Send Tab To Self, Web Apps, History, Saved Tab Group, WebAuthn Credentials, Collection, Edge E Drop, Edge Hub App Usage, Edge Wallet, Encryption Keys}
{"logTime": "0804/235709", "correlationVector":"OgVJ/cO9n0xx3Qo+Zk1izM.1","action":"SyncServerConnectionManagerRequest", "result":"SYNC_SERVER_OK", "context":{"environment":"Prod_eastus_prod-s01-056-nam-eastus", "migrationStage":"NotStarted", "server":"akswtt100000000"}}
{"logTime": "0804/235709", "correlationVector":"OgVJ/cO9n0xx3Qo+Zk1izM.2","action":"ProcessGetUpdates", "result":"Done", "context":{"dataType":"Preferences", "deleted":"0", "process_failed_to_decrypt":"0", "process_pending_decryption":"0", "process_success":"6", "total":"6"}}
{"logTime": "0804/235709", "correlationVector":"OgVJ/cO9n0xx3Qo+Zk1izM.3","action":"ProcessGetUpdates", "result":"Done", "context":{"dataType":"Sessions", "deleted":"15", "process_failed_to_decrypt":"0", "process_pending_decryption":"0", "process_success":"19", "total":"19"}}
{"logTime": "0804/235709", "correlationVector":"OgVJ/cO9n0xx3Qo+Zk1izM.4","action":"ProcessGetUpdates", "result":"Done", "context":{"dataType":"Device Info", "deleted":"0", "process_failed_to_decrypt":"0", "process_pending_decryption":"0", "process_success":"2", "total":"2"}}
{"logTime": "0804/235709", "correlationVector":"OgVJ/cO9n0xx3Qo+Zk1izM.5","action":"ProcessGetUpdates", "result":"Done", "context":{"dataType":"History", "deleted":"0", "process_failed_to_decrypt":"0", "process_pending_decryption":"0", "process_success":"104", "total":"104"}}
{"logTime": "0804/235709", "correlationVector":"OgVJ/cO9n0xx3Qo+Zk1izM.6","action":"GetUpdates Response", "result":"Success", "context":Received 131 update(s). cV=OgVJ/cO9n0xx3Qo+Zk1izM.0;server=akswtt100000000;cloudType=Consumer;environment=Prod_eastus_prod-s01-056-nam-eastus;migrationStage=NotStarted}
{"logTime": "0804/235709", "correlationVector":"q49i5+6LRH8MSZs6gTjyfE","action":"Commit Request", "result":"", "context":Item count: 2
Contributing types: History}
{"logTime": "0804/235709", "correlationVector":"q49i5+6LRH8MSZs6gTjyfE.1","action":"SyncServerConnectionManagerRequest", "result":"SYNC_SERVER_OK", "context":{"environment":"Prod_eastus_prod-s01-056-nam-eastus", "migrationStage":"NotStarted", "server":"akswtt100000009"}}
{"logTime": "0804/235709", "correlationVector":"q49i5+6LRH8MSZs6gTjyfE.2","action":"Commit Response", "result":"Success", "context":Result: Success. cV=q49i5+6LRH8MSZs6gTjyfE.0;server=akswtt100000009;cloudType=Consumer;environment=Prod_eastus_prod-s01-056-nam-eastus;migrationStage=NotStarted}
{"logTime": "0804/235709", "correlationVector":"WaPar9aw82eFLKYZwDSwwd","action":"Commit Request", "result":"", "context":Item count: 3
Contributing types: Preferences, Passwords}
{"logTime": "0804/235710", "correlationVector":"WaPar9aw82eFLKYZwDSwwd.1","action":"SyncServerConnectionManagerRequest", "result":"SYNC_SERVER_OK", "context":{"environment":"Prod_eastus_prod-s01-056-nam-eastus", "migrationStage":"NotStarted", "server":"akswtt10000000d"}}
{"logTime": "0804/235710", "correlationVector":"WaPar9aw82eFLKYZwDSwwd.2","action":"Commit Response", "result":"Success", "context":Result: Success. cV=WaPar9aw82eFLKYZwDSwwd.0;server=akswtt10000000d;cloudType=Consumer;environment=Prod_eastus_prod-s01-056-nam-eastus;migrationStage=NotStarted}
{"logTime": "0804/235710", "correlationVector":"5EmwHtn7/CvV3iUdU/QOzH","action":"Poll GetUpdate request", "result":"", "context":cV=5EmwHtn7/CvV3iUdU/QOzH}
{"logTime": "0804/235710", "correlationVector":"5EmwHtn7/CvV3iUdU/QOzH.1","action":"SyncServerConnectionManagerRequest", "result":"SYNC_SERVER_OK", "context":{"environment":"Prod_eastus_prod-s01-056-nam-eastus", "migrationStage":"NotStarted", "server":"akswtt10000000l"}}
{"logTime": "0804/235710", "correlationVector":"5EmwHtn7/CvV3iUdU/QOzH.2","action":"ProcessGetUpdates", "result":"Done", "context":{"dataType":"Preferences", "deleted":"0", "process_failed_to_decrypt":"0", "process_pending_decryption":"0", "process_success":"1", "total":"1"}}
{"logTime": "0804/235710", "correlationVector":"5EmwHtn7/CvV3iUdU/QOzH.3","action":"ProcessGetUpdates", "result":"Done", "context":{"dataType":"Passwords", "deleted":"0", "process_failed_to_decrypt":"0", "process_pending_decryption":"0", "process_success":"2", "total":"2"}}
{"logTime": "0804/235710", "correlationVector":"5EmwHtn7/CvV3iUdU/QOzH.4","action":"ProcessGetUpdates", "result":"Done", "context":{"dataType":"History", "deleted":"0", "process_failed_to_decrypt":"0", "process_pending_decryption":"0", "process_success":"2", "total":"2"}}
{"logTime": "0804/235710", "correlationVector":"5EmwHtn7/CvV3iUdU/QOzH.5","action":"GetUpdates Response", "result":"Success", "context":Received 5 update(s). cV=5EmwHtn7/CvV3iUdU/QOzH.0;server=akswtt10000000l;cloudType=Consumer;environment=Prod_eastus_prod-s01-056-nam-eastus;migrationStage=NotStarted}
{"logTime": "0805/000509", "correlationVector":"PHHfBo/VIKyaY4DjDGZsZc.1","action":"SyncServerConnectionManagerRequest", "result":"SYNC_SERVER_OK", "context":{"environment":"Prod_eastus_prod-s01-056-nam-eastus", "migrationStage":"NotStarted", "server":"akswtt10000000b"}}
{"logTime": "0805/000509", "correlationVector":"PHHfBo/VIKyaY4DjDGZsZc.2","action":"ProcessGetUpdates", "result":"Done", "context":{"dataType":"Encryption Keys", "deleted":"0", "process_failed_to_decrypt":"0", "process_pending_decryption":"0", "process_success":"1", "total":"1"}}
{"logTime": "0805/000510", "correlationVector":"FuNnDl2nYcFQny4TajgvW7","action":"SyncServerConnectionManagerRequest", "result":"SYNC_SERVER_OK", "context":{"environment":"", "migrationStage":"", "server":""}}
{"logTime": "0805/000510", "correlationVector":"FuNnDl2nYcFQny4TajgvW7.0","action":"EncryptionKeysFetcher.DownloadKeys:", "result":"Success", "context":Key count: 10, Last key timestamp: 2025-03-29T00:15:19Z}
{"logTime": "0805/000510", "correlationVector":"FuNnDl2nYcFQny4TajgvW7.1","action":"EncryptionKeysManager::SetEncryptionKeys:", "result":"Success", "context":Key names[10]:[wV4T/G0rTadKQEGJfbotBbWwQPZOKeWGaE8auefcH9LZVj91rebk6F8AWigo3QDLF4zAkZwnUsf8R4gId7bsRQ==][pA+RyLWdf96UnEINurjtVqkOnAA9ELgK9+yJMOwmZwJuySKzVAo2pSKeRj/jD0DeOn3fXQZEmF5YOmZWRYZ8wg==][PTowiSIQJBHSLxBlLmoxDrT5/jv2ez3kLkwmOKXv4cBZmJR4R+bWoDlJ4W9lbleJO1SENIbYrXC3G6ycFx9oZg==][KM7p6PrzetT5rgHSbcZqvYiQSZmG5bqKRcIvsZuIBfzMJbPjw2VkIUiKu5cM0n7VP7EUtA9owvLOwsL9jvbiEA==][iX+5x7Gfwv2nyZUUjJmeRCoefZvy/W0Csn74Jgd1VMCwGGiORHZPK8Ls3wWSosvcVvvn/Gvf81tHBkZ++W99IA==][c5bdIcpJlWvrUllLo2VXThncvnZiIliu50Uwm1gk0al0kc7uPlRp1hMf7oobv8HSG+t3k8if6NDdAAEN3CLEPw==][FvJFb70hJeEMPHx92/By2fG5ki+JBBwgD3oonuu7e9kGit3ofp8Wo6H5TZizPnQMZyRcklR1YR1USRwWI+f+gQ==][hI74DvQo4nSGPUp6pcXhl/Nywa2W73AiveyFGqc3lvPMIBcD1lIJW4W8d4CPEH1QA/tQEwW60YkmLS47JyydSA==][mRlyHPiEh1oOjRE+wRhuh1MLEsu2amr9ffG7KMFTgsLZ5/munmUdZqrCHRlwv8M2oMbogpXs+iawYE70MOm8wg==][4nlNuR7Wvl2imUHIIk4x/aSUVI5YiRjMPyLeO2NK+tWwJK+ghwCDeTWoQPmq7IQrjAETE2fLQavOyL1iZ2gs5Q==]}
{"logTime": "0805/000510", "correlationVector":"FuNnDl2nYcFQny4TajgvW7.2","action":"EncryptionKeysManager::SetEncryptionKeysWithTimestamps:", "result":"Success", "context":Key timestamps[10]:[2020-10-23T07:05:28Z][2020-11-21T12:51:14Z][2020-12-11T08:05:09Z][2021-06-20T20:29:40Z][2022-01-10T04:07:10Z][2023-03-24T19:04:52Z][2023-09-25T18:34:09Z][2024-03-25T00:01:57Z][2024-09-29T03:16:51Z][2025-03-29T00:15:19Z]}
{"logTime": "0805/000510", "correlationVector":"PHHfBo/VIKyaY4DjDGZsZc","action":"Initial GetUpdates", "result":"", "context":Reason: NEW_CLIENT. cV=PHHfBo/VIKyaY4DjDGZsZc}
{"logTime": "0805/000510", "correlationVector":"PHHfBo/VIKyaY4DjDGZsZc.3","action":"GetUpdates Response", "result":"Success", "context":Received 1 update(s). cV=PHHfBo/VIKyaY4DjDGZsZc.0;server=akswtt10000000b;cloudType=Consumer;environment=Prod_eastus_prod-s01-056-nam-eastus;migrationStage=NotStarted}
{"logTime": "0805/000510", "correlationVector":"rRDCBaEWXY/HkJnwdxNhlp","action":"Initial GetUpdates", "result":"", "context":Reason: NEWLY_SUPPORTED_DATATYPE. cV=rRDCBaEWXY/HkJnwdxNhlp}
{"logTime": "0805/000510", "correlationVector":"rRDCBaEWXY/HkJnwdxNhlp.1","action":"SyncServerConnectionManagerRequest", "result":"SYNC_SERVER_OK", "context":{"environment":"Prod_eastus_prod-s01-056-nam-eastus", "migrationStage":"NotStarted", "server":"akswtt10000000d"}}
{"logTime": "0805/000510", "correlationVector":"rRDCBaEWXY/HkJnwdxNhlp.2","action":"ProcessGetUpdates", "result":"Done", "context":{"dataType":"Passwords", "deleted":"4", "process_failed_to_decrypt":"0", "process_pending_decryption":"0", "process_success":"86", "total":"86"}}
{"logTime": "0805/000510", "correlationVector":"rRDCBaEWXY/HkJnwdxNhlp.3","action":"GetUpdates Response", "result":"Success", "context":Received 86 update(s). cV=rRDCBaEWXY/HkJnwdxNhlp.0;server=akswtt10000000d;cloudType=Consumer;environment=Prod_eastus_prod-s01-056-nam-eastus;migrationStage=NotStarted}
{"logTime": "0805/000510", "correlationVector":"UXran56V9TNMrd655ftF+9","action":"Normal GetUpdate request", "result":"", "context":cV=UXran56V9TNMrd655ftF+9
Nudged types: Sessions, History
Refresh requested types: Bookmarks, Preferences, Passwords, Autofill Profiles, Autofill, Extensions, Sessions, Extension settings, History Delete Directives, Device Info, User Consents, Send Tab To Self, Web Apps, History, Saved Tab Group, WebAuthn Credentials, Collection, Edge E Drop, Edge Hub App Usage, Edge Wallet, Encryption Keys}
{"logTime": "0805/000510", "correlationVector":"UXran56V9TNMrd655ftF+9.1","action":"SyncServerConnectionManagerRequest", "result":"SYNC_SERVER_OK", "context":{"environment":"Prod_eastus_prod-s01-056-nam-eastus", "migrationStage":"NotStarted", "server":"akswtt10000000m"}}
{"logTime": "0805/000510", "correlationVector":"UXran56V9TNMrd655ftF+9.2","action":"ProcessGetUpdates", "result":"Done", "context":{"dataType":"Preferences", "deleted":"0", "process_failed_to_decrypt":"0", "process_pending_decryption":"0", "process_success":"1", "total":"1"}}
{"logTime": "0805/000510", "correlationVector":"UXran56V9TNMrd655ftF+9.3","action":"ProcessGetUpdates", "result":"Done", "context":{"dataType":"Sessions", "deleted":"0", "process_failed_to_decrypt":"0", "process_pending_decryption":"0", "process_success":"3", "total":"3"}}
{"logTime": "0805/000510", "correlationVector":"UXran56V9TNMrd655ftF+9.4","action":"ProcessGetUpdates", "result":"Done", "context":{"dataType":"Device Info", "deleted":"0", "process_failed_to_decrypt":"0", "process_pending_decryption":"0", "process_success":"1", "total":"1"}}
{"logTime": "0805/000510", "correlationVector":"UXran56V9TNMrd655ftF+9.5","action":"ProcessGetUpdates", "result":"Done", "context":{"dataType":"History", "deleted":"0", "process_failed_to_decrypt":"0", "process_pending_decryption":"0", "process_success":"3", "total":"3"}}
{"logTime": "0805/000510", "correlationVector":"UXran56V9TNMrd655ftF+9.6","action":"GetUpdates Response", "result":"Success", "context":Received 8 update(s). cV=UXran56V9TNMrd655ftF+9.0;server=akswtt10000000m;cloudType=Consumer;environment=Prod_eastus_prod-s01-056-nam-eastus;migrationStage=NotStarted}
{"logTime": "0805/000511", "correlationVector":"OccRDh2r4WGFaSernvlUVQ","action":"Commit Request", "result":"", "context":Item count: 8
Contributing types: Preferences, Passwords, Sessions, History}
{"logTime": "0805/000511", "correlationVector":"OccRDh2r4WGFaSernvlUVQ.1","action":"SyncServerConnectionManagerRequest", "result":"SYNC_SERVER_OK", "context":{"environment":"Prod_eastus_prod-s01-056-nam-eastus", "migrationStage":"NotStarted", "server":"akswtt10000000f"}}
{"logTime": "0805/000511", "correlationVector":"OccRDh2r4WGFaSernvlUVQ.2","action":"Commit Response", "result":"Success", "context":Result: Success. cV=OccRDh2r4WGFaSernvlUVQ.0;server=akswtt10000000f;cloudType=Consumer;environment=Prod_eastus_prod-s01-056-nam-eastus;migrationStage=NotStarted}
{"logTime": "0805/000511", "correlationVector":"OccRDh2r4WGFaSernvlUVQ.3","action":"Commit.Sessions", "result":"Success", "context":{"id":"ab8cd428-252e-48cf-95aa-7f9ec7d4ff3a", "isDeleted":"true", "size":"0", "version":"1754352086383"}}
{"logTime": "0805/000701", "correlationVector":"kbf4Z8M80eXvJAesKIoYbK.1","action":"SyncServerConnectionManagerRequest", "result":"SYNC_SERVER_OK", "context":{"environment":"Prod_eastus_prod-s01-056-nam-eastus", "migrationStage":"NotStarted", "server":"akswtt10000000f"}}
{"logTime": "0805/000701", "correlationVector":"kbf4Z8M80eXvJAesKIoYbK.2","action":"ProcessGetUpdates", "result":"Done", "context":{"dataType":"Encryption Keys", "deleted":"0", "process_failed_to_decrypt":"0", "process_pending_decryption":"0", "process_success":"1", "total":"1"}}
{"logTime": "0805/000702", "correlationVector":"bdJhfRn3BCHYukwiduyuko","action":"SyncServerConnectionManagerRequest", "result":"SYNC_SERVER_OK", "context":{"environment":"", "migrationStage":"", "server":""}}
{"logTime": "0805/000702", "correlationVector":"bdJhfRn3BCHYukwiduyuko.0","action":"EncryptionKeysFetcher.DownloadKeys:", "result":"Success", "context":Key count: 10, Last key timestamp: 2025-03-29T00:15:19Z}
{"logTime": "0805/000702", "correlationVector":"bdJhfRn3BCHYukwiduyuko.1","action":"EncryptionKeysManager::SetEncryptionKeys:", "result":"Success", "context":Key names[10]:[wV4T/G0rTadKQEGJfbotBbWwQPZOKeWGaE8auefcH9LZVj91rebk6F8AWigo3QDLF4zAkZwnUsf8R4gId7bsRQ==][pA+RyLWdf96UnEINurjtVqkOnAA9ELgK9+yJMOwmZwJuySKzVAo2pSKeRj/jD0DeOn3fXQZEmF5YOmZWRYZ8wg==][PTowiSIQJBHSLxBlLmoxDrT5/jv2ez3kLkwmOKXv4cBZmJR4R+bWoDlJ4W9lbleJO1SENIbYrXC3G6ycFx9oZg==][KM7p6PrzetT5rgHSbcZqvYiQSZmG5bqKRcIvsZuIBfzMJbPjw2VkIUiKu5cM0n7VP7EUtA9owvLOwsL9jvbiEA==][iX+5x7Gfwv2nyZUUjJmeRCoefZvy/W0Csn74Jgd1VMCwGGiORHZPK8Ls3wWSosvcVvvn/Gvf81tHBkZ++W99IA==][c5bdIcpJlWvrUllLo2VXThncvnZiIliu50Uwm1gk0al0kc7uPlRp1hMf7oobv8HSG+t3k8if6NDdAAEN3CLEPw==][FvJFb70hJeEMPHx92/By2fG5ki+JBBwgD3oonuu7e9kGit3ofp8Wo6H5TZizPnQMZyRcklR1YR1USRwWI+f+gQ==][hI74DvQo4nSGPUp6pcXhl/Nywa2W73AiveyFGqc3lvPMIBcD1lIJW4W8d4CPEH1QA/tQEwW60YkmLS47JyydSA==][mRlyHPiEh1oOjRE+wRhuh1MLEsu2amr9ffG7KMFTgsLZ5/munmUdZqrCHRlwv8M2oMbogpXs+iawYE70MOm8wg==][4nlNuR7Wvl2imUHIIk4x/aSUVI5YiRjMPyLeO2NK+tWwJK+ghwCDeTWoQPmq7IQrjAETE2fLQavOyL1iZ2gs5Q==]}
{"logTime": "0805/000702", "correlationVector":"bdJhfRn3BCHYukwiduyuko.2","action":"EncryptionKeysManager::SetEncryptionKeysWithTimestamps:", "result":"Success", "context":Key timestamps[10]:[2020-10-23T07:05:28Z][2020-11-21T12:51:14Z][2020-12-11T08:05:09Z][2021-06-20T20:29:40Z][2022-01-10T04:07:10Z][2023-03-24T19:04:52Z][2023-09-25T18:34:09Z][2024-03-25T00:01:57Z][2024-09-29T03:16:51Z][2025-03-29T00:15:19Z]}
{"logTime": "0805/000702", "correlationVector":"kbf4Z8M80eXvJAesKIoYbK","action":"Initial GetUpdates", "result":"", "context":Reason: NEW_CLIENT. cV=kbf4Z8M80eXvJAesKIoYbK}
{"logTime": "0805/000702", "correlationVector":"kbf4Z8M80eXvJAesKIoYbK.3","action":"GetUpdates Response", "result":"Success", "context":Received 1 update(s). cV=kbf4Z8M80eXvJAesKIoYbK.0;server=akswtt10000000f;cloudType=Consumer;environment=Prod_eastus_prod-s01-056-nam-eastus;migrationStage=NotStarted}
{"logTime": "0805/000702", "correlationVector":"ad3zn/H3ZhGN+KqWjl7v1g","action":"Initial GetUpdates", "result":"", "context":Reason: NEWLY_SUPPORTED_DATATYPE. cV=ad3zn/H3ZhGN+KqWjl7v1g}
{"logTime": "0805/000702", "correlationVector":"ad3zn/H3ZhGN+KqWjl7v1g.1","action":"SyncServerConnectionManagerRequest", "result":"SYNC_SERVER_OK", "context":{"environment":"Prod_eastus_prod-s01-056-nam-eastus", "migrationStage":"NotStarted", "server":"akswtt10000000l"}}
{"logTime": "0805/000702", "correlationVector":"ad3zn/H3ZhGN+KqWjl7v1g.2","action":"ProcessGetUpdates", "result":"Done", "context":{"dataType":"Passwords", "deleted":"4", "process_failed_to_decrypt":"0", "process_pending_decryption":"0", "process_success":"86", "total":"86"}}
{"logTime": "0805/000702", "correlationVector":"ad3zn/H3ZhGN+KqWjl7v1g.3","action":"GetUpdates Response", "result":"Success", "context":Received 86 update(s). cV=ad3zn/H3ZhGN+KqWjl7v1g.0;server=akswtt10000000l;cloudType=Consumer;environment=Prod_eastus_prod-s01-056-nam-eastus;migrationStage=NotStarted}
{"logTime": "0805/000702", "correlationVector":"k1GOnFdItIPU7/uFqtM20V","action":"Normal GetUpdate request", "result":"", "context":cV=k1GOnFdItIPU7/uFqtM20V
Nudged types: Sessions, History
Refresh requested types: Bookmarks, Preferences, Passwords, Autofill Profiles, Autofill, Extensions, Sessions, Extension settings, History Delete Directives, Device Info, User Consents, Send Tab To Self, Web Apps, History, Saved Tab Group, WebAuthn Credentials, Collection, Edge E Drop, Edge Hub App Usage, Edge Wallet, Encryption Keys}
{"logTime": "0805/000702", "correlationVector":"k1GOnFdItIPU7/uFqtM20V.1","action":"SyncServerConnectionManagerRequest", "result":"SYNC_SERVER_OK", "context":{"environment":"Prod_eastus_prod-s01-056-nam-eastus", "migrationStage":"NotStarted", "server":"akswtt10000000c"}}
{"logTime": "0805/000702", "correlationVector":"k1GOnFdItIPU7/uFqtM20V.2","action":"ProcessGetUpdates", "result":"Done", "context":{"dataType":"Preferences", "deleted":"0", "process_failed_to_decrypt":"0", "process_pending_decryption":"0", "process_success":"1", "total":"1"}}
{"logTime": "0805/000702", "correlationVector":"k1GOnFdItIPU7/uFqtM20V.3","action":"ProcessGetUpdates", "result":"Done", "context":{"dataType":"Sessions", "deleted":"1", "process_failed_to_decrypt":"0", "process_pending_decryption":"0", "process_success":"3", "total":"3"}}
{"logTime": "0805/000702", "correlationVector":"k1GOnFdItIPU7/uFqtM20V.4","action":"ProcessGetUpdates", "result":"Done", "context":{"dataType":"History", "deleted":"0", "process_failed_to_decrypt":"0", "process_pending_decryption":"0", "process_success":"2", "total":"2"}}
{"logTime": "0805/000702", "correlationVector":"k1GOnFdItIPU7/uFqtM20V.5","action":"GetUpdates Response", "result":"Success", "context":Received 6 update(s). cV=k1GOnFdItIPU7/uFqtM20V.0;server=akswtt10000000c;cloudType=Consumer;environment=Prod_eastus_prod-s01-056-nam-eastus;migrationStage=NotStarted}
{"logTime": "0805/000702", "correlationVector":"VZWMVa75AQQ6xGGrwJBw7q","action":"Commit Request", "result":"", "context":Item count: 6
Contributing types: Sessions, History}
{"logTime": "0805/000703", "correlationVector":"VZWMVa75AQQ6xGGrwJBw7q.1","action":"SyncServerConnectionManagerRequest", "result":"SYNC_SERVER_OK", "context":{"environment":"Prod_eastus_prod-s01-056-nam-eastus", "migrationStage":"NotStarted", "server":"akswtt100000007"}}
{"logTime": "0805/000703", "correlationVector":"VZWMVa75AQQ6xGGrwJBw7q.2","action":"Commit Response", "result":"Success", "context":Result: Success. cV=VZWMVa75AQQ6xGGrwJBw7q.0;server=akswtt100000007;cloudType=Consumer;environment=Prod_eastus_prod-s01-056-nam-eastus;migrationStage=NotStarted}
{"logTime": "0805/000703", "correlationVector":"VZWMVa75AQQ6xGGrwJBw7q.3","action":"Commit.Sessions", "result":"Success", "context":{"id":"92b7ddb5-a11f-4b1f-942e-a6007e95d7ec", "isDeleted":"true", "size":"0", "version":"1754352311484"}}
{"logTime": "0805/000703", "correlationVector":"3HnW+ujTyzShTG44QJgjqC","action":"Commit Request", "result":"", "context":Item count: 3
Contributing types: Preferences, Passwords}
{"logTime": "0805/000703", "correlationVector":"3HnW+ujTyzShTG44QJgjqC.1","action":"SyncServerConnectionManagerRequest", "result":"SYNC_SERVER_OK", "context":{"environment":"Prod_eastus_prod-s01-056-nam-eastus", "migrationStage":"NotStarted", "server":"akswtt100000000"}}
{"logTime": "0805/000703", "correlationVector":"3HnW+ujTyzShTG44QJgjqC.2","action":"Commit Response", "result":"Success", "context":Result: Success. cV=3HnW+ujTyzShTG44QJgjqC.0;server=akswtt100000000;cloudType=Consumer;environment=Prod_eastus_prod-s01-056-nam-eastus;migrationStage=NotStarted}
{"logTime": "0805/000805", "correlationVector":"9NgmoNmEyjGdpK6aR7UdOO","action":"Commit Request", "result":"", "context":Item count: 3
Contributing types: Sessions, History}
{"logTime": "0805/000805", "correlationVector":"9NgmoNmEyjGdpK6aR7UdOO.1","action":"SyncServerConnectionManagerRequest", "result":"SYNC_SERVER_OK", "context":{"environment":"Prod_eastus_prod-s01-056-nam-eastus", "migrationStage":"NotStarted", "server":"akswtt100000001"}}
{"logTime": "0805/000805", "correlationVector":"9NgmoNmEyjGdpK6aR7UdOO.2","action":"Commit Response", "result":"Success", "context":Result: Success. cV=9NgmoNmEyjGdpK6aR7UdOO.0;server=akswtt100000001;cloudType=Consumer;environment=Prod_eastus_prod-s01-056-nam-eastus;migrationStage=NotStarted}
{"logTime": "0805/000807", "correlationVector":"iSOcHda9hZCiv4vsN2II/v","action":"Commit Request", "result":"", "context":Item count: 1
Contributing types: Device Info}
{"logTime": "0805/000807", "correlationVector":"iSOcHda9hZCiv4vsN2II/v.1","action":"SyncServerConnectionManagerRequest", "result":"SYNC_SERVER_OK", "context":{"environment":"Prod_eastus_prod-s01-056-nam-eastus", "migrationStage":"NotStarted", "server":"akswtt10000000k"}}
{"logTime": "0805/000807", "correlationVector":"iSOcHda9hZCiv4vsN2II/v.2","action":"Commit Response", "result":"Success", "context":Result: Success. cV=iSOcHda9hZCiv4vsN2II/v.0;server=akswtt10000000k;cloudType=Consumer;environment=Prod_eastus_prod-s01-056-nam-eastus;migrationStage=NotStarted}
{"logTime": "0805/014102", "correlationVector":"Ur3Zz6m1a6ZHm/5rT4fyN1.1","action":"SyncServerConnectionManagerRequest", "result":"SYNC_SERVER_OK", "context":{"environment":"Prod_eastus_prod-s01-056-nam-eastus", "migrationStage":"NotStarted", "server":"akswtt10000000f"}}
{"logTime": "0805/014102", "correlationVector":"Ur3Zz6m1a6ZHm/5rT4fyN1.2","action":"ProcessGetUpdates", "result":"Done", "context":{"dataType":"Encryption Keys", "deleted":"0", "process_failed_to_decrypt":"0", "process_pending_decryption":"0", "process_success":"1", "total":"1"}}
{"logTime": "0805/014102", "correlationVector":"ZEoRrUnDntr9R5UKE2+nxP","action":"SyncServerConnectionManagerRequest", "result":"SYNC_SERVER_OK", "context":{"environment":"", "migrationStage":"", "server":""}}
{"logTime": "0805/014102", "correlationVector":"ZEoRrUnDntr9R5UKE2+nxP.0","action":"EncryptionKeysFetcher.DownloadKeys:", "result":"Success", "context":Key count: 10, Last key timestamp: 2025-03-29T00:15:19Z}
{"logTime": "0805/014102", "correlationVector":"ZEoRrUnDntr9R5UKE2+nxP.1","action":"EncryptionKeysManager::SetEncryptionKeys:", "result":"Success", "context":Key names[10]:[wV4T/G0rTadKQEGJfbotBbWwQPZOKeWGaE8auefcH9LZVj91rebk6F8AWigo3QDLF4zAkZwnUsf8R4gId7bsRQ==][pA+RyLWdf96UnEINurjtVqkOnAA9ELgK9+yJMOwmZwJuySKzVAo2pSKeRj/jD0DeOn3fXQZEmF5YOmZWRYZ8wg==][PTowiSIQJBHSLxBlLmoxDrT5/jv2ez3kLkwmOKXv4cBZmJR4R+bWoDlJ4W9lbleJO1SENIbYrXC3G6ycFx9oZg==][KM7p6PrzetT5rgHSbcZqvYiQSZmG5bqKRcIvsZuIBfzMJbPjw2VkIUiKu5cM0n7VP7EUtA9owvLOwsL9jvbiEA==][iX+5x7Gfwv2nyZUUjJmeRCoefZvy/W0Csn74Jgd1VMCwGGiORHZPK8Ls3wWSosvcVvvn/Gvf81tHBkZ++W99IA==][c5bdIcpJlWvrUllLo2VXThncvnZiIliu50Uwm1gk0al0kc7uPlRp1hMf7oobv8HSG+t3k8if6NDdAAEN3CLEPw==][FvJFb70hJeEMPHx92/By2fG5ki+JBBwgD3oonuu7e9kGit3ofp8Wo6H5TZizPnQMZyRcklR1YR1USRwWI+f+gQ==][hI74DvQo4nSGPUp6pcXhl/Nywa2W73AiveyFGqc3lvPMIBcD1lIJW4W8d4CPEH1QA/tQEwW60YkmLS47JyydSA==][mRlyHPiEh1oOjRE+wRhuh1MLEsu2amr9ffG7KMFTgsLZ5/munmUdZqrCHRlwv8M2oMbogpXs+iawYE70MOm8wg==][4nlNuR7Wvl2imUHIIk4x/aSUVI5YiRjMPyLeO2NK+tWwJK+ghwCDeTWoQPmq7IQrjAETE2fLQavOyL1iZ2gs5Q==]}
{"logTime": "0805/014102", "correlationVector":"ZEoRrUnDntr9R5UKE2+nxP.2","action":"EncryptionKeysManager::SetEncryptionKeysWithTimestamps:", "result":"Success", "context":Key timestamps[10]:[2020-10-23T07:05:28Z][2020-11-21T12:51:14Z][2020-12-11T08:05:09Z][2021-06-20T20:29:40Z][2022-01-10T04:07:10Z][2023-03-24T19:04:52Z][2023-09-25T18:34:09Z][2024-03-25T00:01:57Z][2024-09-29T03:16:51Z][2025-03-29T00:15:19Z]}
{"logTime": "0805/014102", "correlationVector":"Ur3Zz6m1a6ZHm/5rT4fyN1","action":"Initial GetUpdates", "result":"", "context":Reason: NEW_CLIENT. cV=Ur3Zz6m1a6ZHm/5rT4fyN1}
{"logTime": "0805/014102", "correlationVector":"Ur3Zz6m1a6ZHm/5rT4fyN1.3","action":"GetUpdates Response", "result":"Success", "context":Received 1 update(s). cV=Ur3Zz6m1a6ZHm/5rT4fyN1.0;server=akswtt10000000f;cloudType=Consumer;environment=Prod_eastus_prod-s01-056-nam-eastus;migrationStage=NotStarted}
{"logTime": "0805/014102", "correlationVector":"UmH0MuT7KnGX0QSSwnCw2X","action":"Initial GetUpdates", "result":"", "context":Reason: NEWLY_SUPPORTED_DATATYPE. cV=UmH0MuT7KnGX0QSSwnCw2X}
{"logTime": "0805/014103", "correlationVector":"UmH0MuT7KnGX0QSSwnCw2X.1","action":"SyncServerConnectionManagerRequest", "result":"SYNC_SERVER_OK", "context":{"environment":"Prod_eastus_prod-s01-056-nam-eastus", "migrationStage":"NotStarted", "server":"akswtt10000001f"}}
{"logTime": "0805/014103", "correlationVector":"UmH0MuT7KnGX0QSSwnCw2X.2","action":"ProcessGetUpdates", "result":"Done", "context":{"dataType":"Passwords", "deleted":"4", "process_failed_to_decrypt":"0", "process_pending_decryption":"0", "process_success":"86", "total":"86"}}
{"logTime": "0805/014103", "correlationVector":"UmH0MuT7KnGX0QSSwnCw2X.3","action":"GetUpdates Response", "result":"Success", "context":Received 86 update(s). cV=UmH0MuT7KnGX0QSSwnCw2X.0;server=akswtt10000001f;cloudType=Consumer;environment=Prod_eastus_prod-s01-056-nam-eastus;migrationStage=NotStarted}
{"logTime": "0805/014103", "correlationVector":"Anizf8mUTE8rzCdFR3s94C","action":"Normal GetUpdate request", "result":"", "context":cV=Anizf8mUTE8rzCdFR3s94C
Nudged types: Sessions, Device Info, History
Refresh requested types: Bookmarks, Preferences, Passwords, Autofill Profiles, Autofill, Extensions, Sessions, Extension settings, History Delete Directives, Device Info, User Consents, Send Tab To Self, Web Apps, History, Saved Tab Group, WebAuthn Credentials, Collection, Edge E Drop, Edge Hub App Usage, Edge Wallet, Encryption Keys}
{"logTime": "0805/014103", "correlationVector":"Anizf8mUTE8rzCdFR3s94C.1","action":"SyncServerConnectionManagerRequest", "result":"SYNC_SERVER_OK", "context":{"environment":"Prod_eastus_prod-s01-056-nam-eastus", "migrationStage":"NotStarted", "server":"akswtt100000001"}}
{"logTime": "0805/014103", "correlationVector":"Anizf8mUTE8rzCdFR3s94C.2","action":"ProcessGetUpdates", "result":"Done", "context":{"dataType":"Preferences", "deleted":"0", "process_failed_to_decrypt":"0", "process_pending_decryption":"0", "process_success":"1", "total":"1"}}
{"logTime": "0805/014103", "correlationVector":"Anizf8mUTE8rzCdFR3s94C.3","action":"ProcessGetUpdates", "result":"Done", "context":{"dataType":"Sessions", "deleted":"1", "process_failed_to_decrypt":"0", "process_pending_decryption":"0", "process_success":"3", "total":"3"}}
{"logTime": "0805/014103", "correlationVector":"Anizf8mUTE8rzCdFR3s94C.4","action":"ProcessGetUpdates", "result":"Done", "context":{"dataType":"Device Info", "deleted":"0", "process_failed_to_decrypt":"0", "process_pending_decryption":"0", "process_success":"1", "total":"1"}}
{"logTime": "0805/014103", "correlationVector":"Anizf8mUTE8rzCdFR3s94C.5","action":"ProcessGetUpdates", "result":"Done", "context":{"dataType":"History", "deleted":"0", "process_failed_to_decrypt":"0", "process_pending_decryption":"0", "process_success":"4", "total":"4"}}
{"logTime": "0805/014103", "correlationVector":"Anizf8mUTE8rzCdFR3s94C.6","action":"GetUpdates Response", "result":"Success", "context":Received 9 update(s). cV=Anizf8mUTE8rzCdFR3s94C.0;server=akswtt100000001;cloudType=Consumer;environment=Prod_eastus_prod-s01-056-nam-eastus;migrationStage=NotStarted}
{"logTime": "0805/014103", "correlationVector":"1xFsJf+SOOW9Ap5AnkDP5T","action":"Commit Request", "result":"", "context":Item count: 5
Contributing types: Sessions, Device Info, History}
{"logTime": "0805/014103", "correlationVector":"1xFsJf+SOOW9Ap5AnkDP5T.1","action":"SyncServerConnectionManagerRequest", "result":"SYNC_SERVER_OK", "context":{"environment":"Prod_eastus_prod-s01-056-nam-eastus", "migrationStage":"NotStarted", "server":"akswtt10000000m"}}
{"logTime": "0805/014103", "correlationVector":"1xFsJf+SOOW9Ap5AnkDP5T.3","action":"Commit.Sessions", "result":"Success", "context":{"id":"17463911-21de-4be4-84b2-19feaff5868f", "isDeleted":"true", "size":"0", "version":"1754352485635"}}
{"logTime": "0805/014103", "correlationVector":"1xFsJf+SOOW9Ap5AnkDP5T.2","action":"Commit Response", "result":"Success", "context":Result: Success. cV=1xFsJf+SOOW9Ap5AnkDP5T.0;server=akswtt10000000m;cloudType=Consumer;environment=Prod_eastus_prod-s01-056-nam-eastus;migrationStage=NotStarted}
{"logTime": "0805/014104", "correlationVector":"gZIfRYmtYed40+G1HYkQIC","action":"Commit Request", "result":"", "context":Item count: 3
Contributing types: Preferences, Passwords}
{"logTime": "0805/014104", "correlationVector":"gZIfRYmtYed40+G1HYkQIC.1","action":"SyncServerConnectionManagerRequest", "result":"SYNC_SERVER_OK", "context":{"environment":"Prod_eastus_prod-s01-056-nam-eastus", "migrationStage":"NotStarted", "server":"akswtt10000000c"}}
{"logTime": "0805/014104", "correlationVector":"gZIfRYmtYed40+G1HYkQIC.2","action":"Commit Response", "result":"Success", "context":Result: Success. cV=gZIfRYmtYed40+G1HYkQIC.0;server=akswtt10000000c;cloudType=Consumer;environment=Prod_eastus_prod-s01-056-nam-eastus;migrationStage=NotStarted}
{"logTime": "0805/014756", "correlationVector":"CLH4m/EooXnsU8Oe+J+rC2.1","action":"SyncServerConnectionManagerRequest", "result":"SYNC_SERVER_OK", "context":{"environment":"Prod_eastus_prod-s01-056-nam-eastus", "migrationStage":"NotStarted", "server":"akswtt100000008"}}
{"logTime": "0805/014756", "correlationVector":"CLH4m/EooXnsU8Oe+J+rC2.2","action":"ProcessGetUpdates", "result":"Done", "context":{"dataType":"Encryption Keys", "deleted":"0", "process_failed_to_decrypt":"0", "process_pending_decryption":"0", "process_success":"1", "total":"1"}}
{"logTime": "0805/014757", "correlationVector":"yqAkYaVvH6e1U1C4J6DgAP","action":"SyncServerConnectionManagerRequest", "result":"SYNC_SERVER_OK", "context":{"environment":"", "migrationStage":"", "server":""}}
{"logTime": "0805/014757", "correlationVector":"yqAkYaVvH6e1U1C4J6DgAP.0","action":"EncryptionKeysFetcher.DownloadKeys:", "result":"Success", "context":Key count: 10, Last key timestamp: 2025-03-29T00:15:19Z}
{"logTime": "0805/014757", "correlationVector":"yqAkYaVvH6e1U1C4J6DgAP.1","action":"EncryptionKeysManager::SetEncryptionKeys:", "result":"Success", "context":Key names[10]:[wV4T/G0rTadKQEGJfbotBbWwQPZOKeWGaE8auefcH9LZVj91rebk6F8AWigo3QDLF4zAkZwnUsf8R4gId7bsRQ==][pA+RyLWdf96UnEINurjtVqkOnAA9ELgK9+yJMOwmZwJuySKzVAo2pSKeRj/jD0DeOn3fXQZEmF5YOmZWRYZ8wg==][PTowiSIQJBHSLxBlLmoxDrT5/jv2ez3kLkwmOKXv4cBZmJR4R+bWoDlJ4W9lbleJO1SENIbYrXC3G6ycFx9oZg==][KM7p6PrzetT5rgHSbcZqvYiQSZmG5bqKRcIvsZuIBfzMJbPjw2VkIUiKu5cM0n7VP7EUtA9owvLOwsL9jvbiEA==][iX+5x7Gfwv2nyZUUjJmeRCoefZvy/W0Csn74Jgd1VMCwGGiORHZPK8Ls3wWSosvcVvvn/Gvf81tHBkZ++W99IA==][c5bdIcpJlWvrUllLo2VXThncvnZiIliu50Uwm1gk0al0kc7uPlRp1hMf7oobv8HSG+t3k8if6NDdAAEN3CLEPw==][FvJFb70hJeEMPHx92/By2fG5ki+JBBwgD3oonuu7e9kGit3ofp8Wo6H5TZizPnQMZyRcklR1YR1USRwWI+f+gQ==][hI74DvQo4nSGPUp6pcXhl/Nywa2W73AiveyFGqc3lvPMIBcD1lIJW4W8d4CPEH1QA/tQEwW60YkmLS47JyydSA==][mRlyHPiEh1oOjRE+wRhuh1MLEsu2amr9ffG7KMFTgsLZ5/munmUdZqrCHRlwv8M2oMbogpXs+iawYE70MOm8wg==][4nlNuR7Wvl2imUHIIk4x/aSUVI5YiRjMPyLeO2NK+tWwJK+ghwCDeTWoQPmq7IQrjAETE2fLQavOyL1iZ2gs5Q==]}
{"logTime": "0805/014757", "correlationVector":"yqAkYaVvH6e1U1C4J6DgAP.2","action":"EncryptionKeysManager::SetEncryptionKeysWithTimestamps:", "result":"Success", "context":Key timestamps[10]:[2020-10-23T07:05:28Z][2020-11-21T12:51:14Z][2020-12-11T08:05:09Z][2021-06-20T20:29:40Z][2022-01-10T04:07:10Z][2023-03-24T19:04:52Z][2023-09-25T18:34:09Z][2024-03-25T00:01:57Z][2024-09-29T03:16:51Z][2025-03-29T00:15:19Z]}
{"logTime": "0805/014757", "correlationVector":"CLH4m/EooXnsU8Oe+J+rC2","action":"Initial GetUpdates", "result":"", "context":Reason: NEW_CLIENT. cV=CLH4m/EooXnsU8Oe+J+rC2}
{"logTime": "0805/014757", "correlationVector":"CLH4m/EooXnsU8Oe+J+rC2.3","action":"GetUpdates Response", "result":"Success", "context":Received 1 update(s). cV=CLH4m/EooXnsU8Oe+J+rC2.0;server=akswtt100000008;cloudType=Consumer;environment=Prod_eastus_prod-s01-056-nam-eastus;migrationStage=NotStarted}
{"logTime": "0805/014757", "correlationVector":"YkbPKWUTw2qvRqWxzL3skG","action":"Initial GetUpdates", "result":"", "context":Reason: NEWLY_SUPPORTED_DATATYPE. cV=YkbPKWUTw2qvRqWxzL3skG}
{"logTime": "0805/014757", "correlationVector":"YkbPKWUTw2qvRqWxzL3skG.1","action":"SyncServerConnectionManagerRequest", "result":"SYNC_SERVER_OK", "context":{"environment":"Prod_eastus_prod-s01-056-nam-eastus", "migrationStage":"NotStarted", "server":"akswtt10000000x"}}
{"logTime": "0805/014757", "correlationVector":"YkbPKWUTw2qvRqWxzL3skG.2","action":"ProcessGetUpdates", "result":"Done", "context":{"dataType":"Passwords", "deleted":"4", "process_failed_to_decrypt":"0", "process_pending_decryption":"0", "process_success":"86", "total":"86"}}
{"logTime": "0805/014757", "correlationVector":"YkbPKWUTw2qvRqWxzL3skG.3","action":"GetUpdates Response", "result":"Success", "context":Received 86 update(s). cV=YkbPKWUTw2qvRqWxzL3skG.0;server=akswtt10000000x;cloudType=Consumer;environment=Prod_eastus_prod-s01-056-nam-eastus;migrationStage=NotStarted}
{"logTime": "0805/014757", "correlationVector":"6QxPSXwA1TpEg5nW4BtBt3","action":"Normal GetUpdate request", "result":"", "context":cV=6QxPSXwA1TpEg5nW4BtBt3
Nudged types: Sessions, Device Info, History
Refresh requested types: Bookmarks, Preferences, Passwords, Autofill Profiles, Autofill, Extensions, Sessions, Extension settings, History Delete Directives, Device Info, User Consents, Send Tab To Self, Web Apps, History, Saved Tab Group, WebAuthn Credentials, Collection, Edge E Drop, Edge Hub App Usage, Edge Wallet, Encryption Keys}
{"logTime": "0805/014757", "correlationVector":"6QxPSXwA1TpEg5nW4BtBt3.1","action":"SyncServerConnectionManagerRequest", "result":"SYNC_SERVER_OK", "context":{"environment":"Prod_eastus_prod-s01-056-nam-eastus", "migrationStage":"NotStarted", "server":"akswtt10000000i"}}
{"logTime": "0805/014757", "correlationVector":"6QxPSXwA1TpEg5nW4BtBt3.2","action":"ProcessGetUpdates", "result":"Done", "context":{"dataType":"Preferences", "deleted":"0", "process_failed_to_decrypt":"0", "process_pending_decryption":"0", "process_success":"1", "total":"1"}}
{"logTime": "0805/014757", "correlationVector":"6QxPSXwA1TpEg5nW4BtBt3.3","action":"ProcessGetUpdates", "result":"Done", "context":{"dataType":"Sessions", "deleted":"1", "process_failed_to_decrypt":"0", "process_pending_decryption":"0", "process_success":"4", "total":"4"}}
{"logTime": "0805/014757", "correlationVector":"6QxPSXwA1TpEg5nW4BtBt3.4","action":"ProcessGetUpdates", "result":"Done", "context":{"dataType":"Device Info", "deleted":"0", "process_failed_to_decrypt":"0", "process_pending_decryption":"0", "process_success":"1", "total":"1"}}
{"logTime": "0805/014757", "correlationVector":"6QxPSXwA1TpEg5nW4BtBt3.5","action":"ProcessGetUpdates", "result":"Done", "context":{"dataType":"History", "deleted":"0", "process_failed_to_decrypt":"0", "process_pending_decryption":"0", "process_success":"5", "total":"5"}}
{"logTime": "0805/014757", "correlationVector":"6QxPSXwA1TpEg5nW4BtBt3.6","action":"GetUpdates Response", "result":"Success", "context":Received 11 update(s). cV=6QxPSXwA1TpEg5nW4BtBt3.0;server=akswtt10000000i;cloudType=Consumer;environment=Prod_eastus_prod-s01-056-nam-eastus;migrationStage=NotStarted}
{"logTime": "0805/014757", "correlationVector":"8VzmBxrAFsNsT0M/4Ur744","action":"Commit Request", "result":"", "context":Item count: 8
Contributing types: Preferences, Passwords, Sessions, History}
{"logTime": "0805/014759", "correlationVector":"8VzmBxrAFsNsT0M/4Ur744.1","action":"SyncServerConnectionManagerRequest", "result":"SYNC_SERVER_OK", "context":{"environment":"Prod_eastus_prod-s01-056-nam-eastus", "migrationStage":"NotStarted", "server":"akswtt10000000j"}}
{"logTime": "0805/014759", "correlationVector":"8VzmBxrAFsNsT0M/4Ur744.2","action":"Commit Response", "result":"Success", "context":Result: Success. cV=8VzmBxrAFsNsT0M/4Ur744.0;server=akswtt10000000j;cloudType=Consumer;environment=Prod_eastus_prod-s01-056-nam-eastus;migrationStage=NotStarted}
{"logTime": "0805/014759", "correlationVector":"8VzmBxrAFsNsT0M/4Ur744.3","action":"Commit.Sessions", "result":"Success", "context":{"id":"39a39f2c-1363-42ba-81a2-70c814e069b0", "isDeleted":"true", "size":"0", "version":"1754358410241"}}
{"logTime": "0805/020828", "correlationVector":"+9zJn4yBj7m3tYb9Pkx+L6.1","action":"SyncServerConnectionManagerRequest", "result":"SYNC_SERVER_OK", "context":{"environment":"Prod_eastus_prod-s01-056-nam-eastus", "migrationStage":"NotStarted", "server":"akswtt10000000c"}}
{"logTime": "0805/020828", "correlationVector":"+9zJn4yBj7m3tYb9Pkx+L6.2","action":"ProcessGetUpdates", "result":"Done", "context":{"dataType":"Encryption Keys", "deleted":"0", "process_failed_to_decrypt":"0", "process_pending_decryption":"0", "process_success":"1", "total":"1"}}
{"logTime": "0805/020828", "correlationVector":"/qajuwHd9Xc8bEA5HyzHPD","action":"SyncServerConnectionManagerRequest", "result":"SYNC_SERVER_OK", "context":{"environment":"", "migrationStage":"", "server":""}}
{"logTime": "0805/020828", "correlationVector":"/qajuwHd9Xc8bEA5HyzHPD.0","action":"EncryptionKeysFetcher.DownloadKeys:", "result":"Success", "context":Key count: 10, Last key timestamp: 2025-03-29T00:15:19Z}
{"logTime": "0805/020828", "correlationVector":"/qajuwHd9Xc8bEA5HyzHPD.1","action":"EncryptionKeysManager::SetEncryptionKeys:", "result":"Success", "context":Key names[10]:[wV4T/G0rTadKQEGJfbotBbWwQPZOKeWGaE8auefcH9LZVj91rebk6F8AWigo3QDLF4zAkZwnUsf8R4gId7bsRQ==][pA+RyLWdf96UnEINurjtVqkOnAA9ELgK9+yJMOwmZwJuySKzVAo2pSKeRj/jD0DeOn3fXQZEmF5YOmZWRYZ8wg==][PTowiSIQJBHSLxBlLmoxDrT5/jv2ez3kLkwmOKXv4cBZmJR4R+bWoDlJ4W9lbleJO1SENIbYrXC3G6ycFx9oZg==][KM7p6PrzetT5rgHSbcZqvYiQSZmG5bqKRcIvsZuIBfzMJbPjw2VkIUiKu5cM0n7VP7EUtA9owvLOwsL9jvbiEA==][iX+5x7Gfwv2nyZUUjJmeRCoefZvy/W0Csn74Jgd1VMCwGGiORHZPK8Ls3wWSosvcVvvn/Gvf81tHBkZ++W99IA==][c5bdIcpJlWvrUllLo2VXThncvnZiIliu50Uwm1gk0al0kc7uPlRp1hMf7oobv8HSG+t3k8if6NDdAAEN3CLEPw==][FvJFb70hJeEMPHx92/By2fG5ki+JBBwgD3oonuu7e9kGit3ofp8Wo6H5TZizPnQMZyRcklR1YR1USRwWI+f+gQ==][hI74DvQo4nSGPUp6pcXhl/Nywa2W73AiveyFGqc3lvPMIBcD1lIJW4W8d4CPEH1QA/tQEwW60YkmLS47JyydSA==][mRlyHPiEh1oOjRE+wRhuh1MLEsu2amr9ffG7KMFTgsLZ5/munmUdZqrCHRlwv8M2oMbogpXs+iawYE70MOm8wg==][4nlNuR7Wvl2imUHIIk4x/aSUVI5YiRjMPyLeO2NK+tWwJK+ghwCDeTWoQPmq7IQrjAETE2fLQavOyL1iZ2gs5Q==]}
{"logTime": "0805/020828", "correlationVector":"/qajuwHd9Xc8bEA5HyzHPD.2","action":"EncryptionKeysManager::SetEncryptionKeysWithTimestamps:", "result":"Success", "context":Key timestamps[10]:[2020-10-23T07:05:28Z][2020-11-21T12:51:14Z][2020-12-11T08:05:09Z][2021-06-20T20:29:40Z][2022-01-10T04:07:10Z][2023-03-24T19:04:52Z][2023-09-25T18:34:09Z][2024-03-25T00:01:57Z][2024-09-29T03:16:51Z][2025-03-29T00:15:19Z]}
{"logTime": "0805/020828", "correlationVector":"+9zJn4yBj7m3tYb9Pkx+L6","action":"Initial GetUpdates", "result":"", "context":Reason: NEW_CLIENT. cV=+9zJn4yBj7m3tYb9Pkx+L6}
{"logTime": "0805/020828", "correlationVector":"+9zJn4yBj7m3tYb9Pkx+L6.3","action":"GetUpdates Response", "result":"Success", "context":Received 1 update(s). cV=+9zJn4yBj7m3tYb9Pkx+L6.0;server=akswtt10000000c;cloudType=Consumer;environment=Prod_eastus_prod-s01-056-nam-eastus;migrationStage=NotStarted}
{"logTime": "0805/020828", "correlationVector":"rrtW/0/mD1uULbbSqdzIaV","action":"Initial GetUpdates", "result":"", "context":Reason: NEWLY_SUPPORTED_DATATYPE. cV=rrtW/0/mD1uULbbSqdzIaV}
{"logTime": "0805/020829", "correlationVector":"rrtW/0/mD1uULbbSqdzIaV.1","action":"SyncServerConnectionManagerRequest", "result":"SYNC_SERVER_OK", "context":{"environment":"Prod_eastus_prod-s01-056-nam-eastus", "migrationStage":"NotStarted", "server":"akswtt10000000i"}}
{"logTime": "0805/020829", "correlationVector":"rrtW/0/mD1uULbbSqdzIaV.2","action":"ProcessGetUpdates", "result":"Done", "context":{"dataType":"Passwords", "deleted":"4", "process_failed_to_decrypt":"0", "process_pending_decryption":"0", "process_success":"86", "total":"86"}}
{"logTime": "0805/020829", "correlationVector":"rrtW/0/mD1uULbbSqdzIaV.3","action":"GetUpdates Response", "result":"Success", "context":Received 86 update(s). cV=rrtW/0/mD1uULbbSqdzIaV.0;server=akswtt10000000i;cloudType=Consumer;environment=Prod_eastus_prod-s01-056-nam-eastus;migrationStage=NotStarted}
{"logTime": "0805/020829", "correlationVector":"6rADOVWTKy8LBXS5I2cS9n","action":"Normal GetUpdate request", "result":"", "context":cV=6rADOVWTKy8LBXS5I2cS9n
Nudged types: Sessions, Device Info, History
Refresh requested types: Bookmarks, Preferences, Passwords, Autofill Profiles, Autofill, Extensions, Sessions, Extension settings, History Delete Directives, Device Info, User Consents, Send Tab To Self, Web Apps, History, Saved Tab Group, WebAuthn Credentials, Collection, Edge E Drop, Edge Hub App Usage, Edge Wallet, Encryption Keys}
{"logTime": "0805/020829", "correlationVector":"6rADOVWTKy8LBXS5I2cS9n.1","action":"SyncServerConnectionManagerRequest", "result":"SYNC_SERVER_OK", "context":{"environment":"Prod_eastus_prod-s01-056-nam-eastus", "migrationStage":"NotStarted", "server":"akswtt10000001f"}}
{"logTime": "0805/020829", "correlationVector":"6rADOVWTKy8LBXS5I2cS9n.2","action":"ProcessGetUpdates", "result":"Done", "context":{"dataType":"Preferences", "deleted":"0", "process_failed_to_decrypt":"0", "process_pending_decryption":"0", "process_success":"1", "total":"1"}}
{"logTime": "0805/020829", "correlationVector":"6rADOVWTKy8LBXS5I2cS9n.3","action":"ProcessGetUpdates", "result":"Done", "context":{"dataType":"Sessions", "deleted":"1", "process_failed_to_decrypt":"0", "process_pending_decryption":"0", "process_success":"3", "total":"3"}}
{"logTime": "0805/020829", "correlationVector":"6rADOVWTKy8LBXS5I2cS9n.4","action":"ProcessGetUpdates", "result":"Done", "context":{"dataType":"History", "deleted":"0", "process_failed_to_decrypt":"0", "process_pending_decryption":"0", "process_success":"2", "total":"2"}}
{"logTime": "0805/020829", "correlationVector":"6rADOVWTKy8LBXS5I2cS9n.5","action":"GetUpdates Response", "result":"Success", "context":Received 6 update(s). cV=6rADOVWTKy8LBXS5I2cS9n.0;server=akswtt10000001f;cloudType=Consumer;environment=Prod_eastus_prod-s01-056-nam-eastus;migrationStage=NotStarted}
{"logTime": "0805/020829", "correlationVector":"xXNfQnY0qpcaY4v/FEhFCu","action":"Commit Request", "result":"", "context":Item count: 8
Contributing types: Sessions, Device Info, History}
{"logTime": "0805/020830", "correlationVector":"xXNfQnY0qpcaY4v/FEhFCu.1","action":"SyncServerConnectionManagerRequest", "result":"SYNC_SERVER_OK", "context":{"environment":"Prod_eastus_prod-s01-056-nam-eastus", "migrationStage":"NotStarted", "server":"akswtt10000001e"}}
{"logTime": "0805/020830", "correlationVector":"xXNfQnY0qpcaY4v/FEhFCu.2","action":"Commit Response", "result":"Success", "context":Result: Success. cV=xXNfQnY0qpcaY4v/FEhFCu.0;server=akswtt10000001e;cloudType=Consumer;environment=Prod_eastus_prod-s01-056-nam-eastus;migrationStage=NotStarted}
{"logTime": "0805/020830", "correlationVector":"xXNfQnY0qpcaY4v/FEhFCu.3","action":"Commit.Sessions", "result":"Success", "context":{"id":"f604f859-ea88-493c-81b0-ec618ef841a5", "isDeleted":"true", "size":"0", "version":"1754358478798"}}
{"logTime": "0805/020830", "correlationVector":"k5rxE4lEh5egY1JAH/L7gQ","action":"Commit Request", "result":"", "context":Item count: 3
Contributing types: Preferences, Passwords}
{"logTime": "0805/020830", "correlationVector":"k5rxE4lEh5egY1JAH/L7gQ.1","action":"SyncServerConnectionManagerRequest", "result":"SYNC_SERVER_OK", "context":{"environment":"Prod_eastus_prod-s01-056-nam-eastus", "migrationStage":"NotStarted", "server":"akswtt10000000n"}}
{"logTime": "0805/020830", "correlationVector":"k5rxE4lEh5egY1JAH/L7gQ.2","action":"Commit Response", "result":"Success", "context":Result: Success. cV=k5rxE4lEh5egY1JAH/L7gQ.0;server=akswtt10000000n;cloudType=Consumer;environment=Prod_eastus_prod-s01-056-nam-eastus;migrationStage=NotStarted}
